[0.138s] Invoking command in '/home/srooney/Documents/rbe500/ros_500/build/robotis_manipulator': AMENT_PREFIX_PATH=/home/srooney/Documents/rbe500/ros_500/install/cmake_modules:${AMENT_PREFIX_PATH} CMAKE_PREFIX_PATH=/home/srooney/Documents/rbe500/ros_500/install/cmake_modules:/opt/ros/humble /usr/bin/cmake --build /home/srooney/Documents/rbe500/ros_500/build/robotis_manipulator -- -j16 -l16
[0.166s] [35m[1mConsolidate compiler generated dependencies of target robotis_manipulator[0m
[0.183s] [100%] Built target robotis_manipulator
[0.234s] Invoked command in '/home/srooney/Documents/rbe500/ros_500/build/robotis_manipulator' returned '0': AMENT_PREFIX_PATH=/home/srooney/Documents/rbe500/ros_500/install/cmake_modules:${AMENT_PREFIX_PATH} CMAKE_PREFIX_PATH=/home/srooney/Documents/rbe500/ros_500/install/cmake_modules:/opt/ros/humble /usr/bin/cmake --build /home/srooney/Documents/rbe500/ros_500/build/robotis_manipulator -- -j16 -l16
[0.260s] Invoking command in '/home/srooney/Documents/rbe500/ros_500/build/robotis_manipulator': AMENT_PREFIX_PATH=/home/srooney/Documents/rbe500/ros_500/install/cmake_modules:${AMENT_PREFIX_PATH} CMAKE_PREFIX_PATH=/home/srooney/Documents/rbe500/ros_500/install/cmake_modules:/opt/ros/humble /usr/bin/cmake --install /home/srooney/Documents/rbe500/ros_500/build/robotis_manipulator
[0.263s] -- Install configuration: ""
[0.265s] -- Execute custom install script
[0.265s] -- Up-to-date symlink: /home/srooney/Documents/rbe500/ros_500/install/robotis_manipulator/lib/librobotis_manipulator.so
[0.266s] -- Up-to-date symlink: /home/srooney/Documents/rbe500/ros_500/install/robotis_manipulator/include//robotis_manipulator/robotis_manipulator.h
[0.266s] -- Up-to-date symlink: /home/srooney/Documents/rbe500/ros_500/install/robotis_manipulator/include//robotis_manipulator/robotis_manipulator_common.h
[0.266s] -- Up-to-date symlink: /home/srooney/Documents/rbe500/ros_500/install/robotis_manipulator/include//robotis_manipulator/robotis_manipulator_log.h
[0.266s] -- Up-to-date symlink: /home/srooney/Documents/rbe500/ros_500/install/robotis_manipulator/include//robotis_manipulator/robotis_manipulator_manager.h
[0.266s] -- Up-to-date symlink: /home/srooney/Documents/rbe500/ros_500/install/robotis_manipulator/include//robotis_manipulator/robotis_manipulator_math.h
[0.266s] -- Up-to-date symlink: /home/srooney/Documents/rbe500/ros_500/install/robotis_manipulator/include//robotis_manipulator/robotis_manipulator_trajectory_generator.h
[0.266s] -- Up-to-date symlink: /home/srooney/Documents/rbe500/ros_500/install/robotis_manipulator/share/robotis_manipulator/environment/library_path.sh
[0.267s] -- Up-to-date symlink: /home/srooney/Documents/rbe500/ros_500/install/robotis_manipulator/share/robotis_manipulator/environment/library_path.dsv
[0.267s] -- Up-to-date symlink: /home/srooney/Documents/rbe500/ros_500/install/robotis_manipulator/share/ament_index/resource_index/package_run_dependencies/robotis_manipulator
[0.267s] -- Up-to-date symlink: /home/srooney/Documents/rbe500/ros_500/install/robotis_manipulator/share/ament_index/resource_index/parent_prefix_path/robotis_manipulator
[0.267s] -- Up-to-date symlink: /home/srooney/Documents/rbe500/ros_500/install/robotis_manipulator/share/robotis_manipulator/environment/ament_prefix_path.sh
[0.267s] -- Up-to-date symlink: /home/srooney/Documents/rbe500/ros_500/install/robotis_manipulator/share/robotis_manipulator/environment/ament_prefix_path.dsv
[0.267s] -- Up-to-date symlink: /home/srooney/Documents/rbe500/ros_500/install/robotis_manipulator/share/robotis_manipulator/environment/path.sh
[0.269s] -- Up-to-date symlink: /home/srooney/Documents/rbe500/ros_500/install/robotis_manipulator/share/robotis_manipulator/environment/path.dsv
[0.269s] -- Up-to-date symlink: /home/srooney/Documents/rbe500/ros_500/install/robotis_manipulator/share/robotis_manipulator/local_setup.bash
[0.269s] -- Up-to-date symlink: /home/srooney/Documents/rbe500/ros_500/install/robotis_manipulator/share/robotis_manipulator/local_setup.sh
[0.269s] -- Up-to-date symlink: /home/srooney/Documents/rbe500/ros_500/install/robotis_manipulator/share/robotis_manipulator/local_setup.zsh
[0.269s] -- Up-to-date symlink: /home/srooney/Documents/rbe500/ros_500/install/robotis_manipulator/share/robotis_manipulator/local_setup.dsv
[0.269s] -- Symlinking: /home/srooney/Documents/rbe500/ros_500/install/robotis_manipulator/share/robotis_manipulator/package.dsv
[0.278s] -- Up-to-date symlink: /home/srooney/Documents/rbe500/ros_500/install/robotis_manipulator/share/ament_index/resource_index/packages/robotis_manipulator
[0.279s] -- Up-to-date symlink: /home/srooney/Documents/rbe500/ros_500/install/robotis_manipulator/share/robotis_manipulator/cmake/ament_cmake_export_include_directories-extras.cmake
[0.279s] -- Up-to-date symlink: /home/srooney/Documents/rbe500/ros_500/install/robotis_manipulator/share/robotis_manipulator/cmake/ament_cmake_export_dependencies-extras.cmake
[0.279s] -- Up-to-date symlink: /home/srooney/Documents/rbe500/ros_500/install/robotis_manipulator/share/robotis_manipulator/cmake/ament_cmake_export_libraries-extras.cmake
[0.279s] -- Up-to-date symlink: /home/srooney/Documents/rbe500/ros_500/install/robotis_manipulator/share/robotis_manipulator/cmake/robotis_manipulatorConfig.cmake
[0.279s] -- Up-to-date symlink: /home/srooney/Documents/rbe500/ros_500/install/robotis_manipulator/share/robotis_manipulator/cmake/robotis_manipulatorConfig-version.cmake
[0.280s] -- Up-to-date symlink: /home/srooney/Documents/rbe500/ros_500/install/robotis_manipulator/share/robotis_manipulator/package.xml
[0.283s] Invoked command in '/home/srooney/Documents/rbe500/ros_500/build/robotis_manipulator' returned '0': AMENT_PREFIX_PATH=/home/srooney/Documents/rbe500/ros_500/install/cmake_modules:${AMENT_PREFIX_PATH} CMAKE_PREFIX_PATH=/home/srooney/Documents/rbe500/ros_500/install/cmake_modules:/opt/ros/humble /usr/bin/cmake --install /home/srooney/Documents/rbe500/ros_500/build/robotis_manipulator
