[0.051s] Invoking command in '/home/srooney/Documents/rbe500/ros_500/build/open_manipulator_x_controller': AMENT_PREFIX_PATH=/home/srooney/Documents/rbe500/ros_500/install/open_manipulator_x_libs:/home/srooney/Documents/rbe500/ros_500/install/robotis_manipulator:/home/srooney/Documents/rbe500/ros_500/install/dynamixel_workbench_toolbox:/home/srooney/Documents/rbe500/ros_500/install/open_manipulator_msgs:/home/srooney/Documents/rbe500/ros_500/install/dynamixel_sdk:/home/srooney/Documents/rbe500/ros_500/install/cmake_modules:${AMENT_PREFIX_PATH} CMAKE_PREFIX_PATH=/home/srooney/Documents/rbe500/ros_500/install/open_manipulator_x_libs:/home/srooney/Documents/rbe500/ros_500/install/robotis_manipulator:/home/srooney/Documents/rbe500/ros_500/install/dynamixel_workbench_toolbox:/home/srooney/Documents/rbe500/ros_500/install/open_manipulator_msgs:/home/srooney/Documents/rbe500/ros_500/install/dynamixel_sdk:/home/srooney/Documents/rbe500/ros_500/install/cmake_modules:/opt/ros/humble LD_LIBRARY_PATH=/home/srooney/Documents/rbe500/ros_500/install/open_manipulator_x_libs/lib:/home/srooney/Documents/rbe500/ros_500/install/robotis_manipulator/lib:/home/srooney/Documents/rbe500/ros_500/install/dynamixel_workbench_toolbox/lib:/home/srooney/Documents/rbe500/ros_500/install/open_manipulator_msgs/lib:/home/srooney/Documents/rbe500/ros_500/install/dynamixel_sdk/lib:${LD_LIBRARY_PATH} PYTHONPATH=/home/srooney/Documents/rbe500/ros_500/install/open_manipulator_msgs/local/lib/python3.10/dist-packages:${PYTHONPATH} /usr/bin/cmake /home/srooney/Documents/rbe500/ros_500/src/open_manipulator/open_manipulator_x_controller -DAMENT_CMAKE_SYMLINK_INSTALL=1 -DCMAKE_INSTALL_PREFIX=/home/srooney/Documents/rbe500/ros_500/install/open_manipulator_x_controller
[0.122s] -- The C compiler identification is GNU 11.4.0
[0.192s] -- The CXX compiler identification is GNU 11.4.0
[0.205s] -- Detecting C compiler ABI info
[0.305s] -- Detecting C compiler ABI info - done
[0.320s] -- Check for working C compiler: /usr/bin/cc - skipped
[0.321s] -- Detecting C compile features
[0.322s] -- Detecting C compile features - done
[0.328s] -- Detecting CXX compiler ABI info
[0.420s] -- Detecting CXX compiler ABI info - done
[0.442s] -- Check for working CXX compiler: /usr/bin/c++ - skipped
[0.442s] -- Detecting CXX compile features
[0.443s] -- Detecting CXX compile features - done
[0.445s] -- Found ament_cmake: 1.3.5 (/opt/ros/humble/share/ament_cmake/cmake)
[0.618s] -- Found Python3: /usr/bin/python3.10 (found version "3.10.12") found components: Interpreter 
[0.666s] -- Override CMake install command with custom implementation using symlinks instead of copying resources
[0.709s] -- Found geometry_msgs: 4.2.3 (/opt/ros/humble/share/geometry_msgs/cmake)
[0.763s] -- Found rosidl_generator_c: 3.1.5 (/opt/ros/humble/share/rosidl_generator_c/cmake)
[0.766s] -- Found rosidl_adapter: 3.1.5 (/opt/ros/humble/share/rosidl_adapter/cmake)
[0.773s] -- Found rosidl_generator_cpp: 3.1.5 (/opt/ros/humble/share/rosidl_generator_cpp/cmake)
[0.784s] -- Using all available rosidl_typesupport_c: rosidl_typesupport_fastrtps_c;rosidl_typesupport_introspection_c
[0.800s] -- Using all available rosidl_typesupport_cpp: rosidl_typesupport_fastrtps_cpp;rosidl_typesupport_introspection_cpp
[0.895s] -- Found open_manipulator_msgs: 2.2.0 (/home/srooney/Documents/rbe500/ros_500/install/open_manipulator_msgs/share/open_manipulator_msgs/cmake)
[0.958s] -- Found open_manipulator_x_libs: 2.3.0 (/home/srooney/Documents/rbe500/ros_500/install/open_manipulator_x_libs/share/open_manipulator_x_libs/cmake)
[1.016s] -- Found rmw_implementation_cmake: 6.1.1 (/opt/ros/humble/share/rmw_implementation_cmake/cmake)
[1.018s] -- Found rmw_fastrtps_cpp: 6.2.4 (/opt/ros/humble/share/rmw_fastrtps_cpp/cmake)
[1.115s] -- Found OpenSSL: /usr/lib/x86_64-linux-gnu/libcrypto.so (found version "3.0.2")  
[1.137s] -- Found FastRTPS: /opt/ros/humble/include  
[1.179s] -- Using RMW implementation 'rmw_fastrtps_cpp' as default
[1.186s] -- Looking for pthread.h
[1.255s] -- Looking for pthread.h - found
[1.255s] -- Performing Test CMAKE_HAVE_LIBC_PTHREAD
[1.330s] -- Performing Test CMAKE_HAVE_LIBC_PTHREAD - Success
[1.332s] -- Found Threads: TRUE  
[1.508s] -- Found sensor_msgs: 4.2.3 (/opt/ros/humble/share/sensor_msgs/cmake)
[1.577s] -- Found trajectory_msgs: 4.2.3 (/opt/ros/humble/share/trajectory_msgs/cmake)
[1.748s] -- Configuring done
[1.761s] -- Generating done
[1.762s] -- Build files have been written to: /home/srooney/Documents/rbe500/ros_500/build/open_manipulator_x_controller
[1.770s] Invoked command in '/home/srooney/Documents/rbe500/ros_500/build/open_manipulator_x_controller' returned '0': AMENT_PREFIX_PATH=/home/srooney/Documents/rbe500/ros_500/install/open_manipulator_x_libs:/home/srooney/Documents/rbe500/ros_500/install/robotis_manipulator:/home/srooney/Documents/rbe500/ros_500/install/dynamixel_workbench_toolbox:/home/srooney/Documents/rbe500/ros_500/install/open_manipulator_msgs:/home/srooney/Documents/rbe500/ros_500/install/dynamixel_sdk:/home/srooney/Documents/rbe500/ros_500/install/cmake_modules:${AMENT_PREFIX_PATH} CMAKE_PREFIX_PATH=/home/srooney/Documents/rbe500/ros_500/install/open_manipulator_x_libs:/home/srooney/Documents/rbe500/ros_500/install/robotis_manipulator:/home/srooney/Documents/rbe500/ros_500/install/dynamixel_workbench_toolbox:/home/srooney/Documents/rbe500/ros_500/install/open_manipulator_msgs:/home/srooney/Documents/rbe500/ros_500/install/dynamixel_sdk:/home/srooney/Documents/rbe500/ros_500/install/cmake_modules:/opt/ros/humble LD_LIBRARY_PATH=/home/srooney/Documents/rbe500/ros_500/install/open_manipulator_x_libs/lib:/home/srooney/Documents/rbe500/ros_500/install/robotis_manipulator/lib:/home/srooney/Documents/rbe500/ros_500/install/dynamixel_workbench_toolbox/lib:/home/srooney/Documents/rbe500/ros_500/install/open_manipulator_msgs/lib:/home/srooney/Documents/rbe500/ros_500/install/dynamixel_sdk/lib:${LD_LIBRARY_PATH} PYTHONPATH=/home/srooney/Documents/rbe500/ros_500/install/open_manipulator_msgs/local/lib/python3.10/dist-packages:${PYTHONPATH} /usr/bin/cmake /home/srooney/Documents/rbe500/ros_500/src/open_manipulator/open_manipulator_x_controller -DAMENT_CMAKE_SYMLINK_INSTALL=1 -DCMAKE_INSTALL_PREFIX=/home/srooney/Documents/rbe500/ros_500/install/open_manipulator_x_controller
[1.773s] Invoking command in '/home/srooney/Documents/rbe500/ros_500/build/open_manipulator_x_controller': AMENT_PREFIX_PATH=/home/srooney/Documents/rbe500/ros_500/install/open_manipulator_x_libs:/home/srooney/Documents/rbe500/ros_500/install/robotis_manipulator:/home/srooney/Documents/rbe500/ros_500/install/dynamixel_workbench_toolbox:/home/srooney/Documents/rbe500/ros_500/install/open_manipulator_msgs:/home/srooney/Documents/rbe500/ros_500/install/dynamixel_sdk:/home/srooney/Documents/rbe500/ros_500/install/cmake_modules:${AMENT_PREFIX_PATH} CMAKE_PREFIX_PATH=/home/srooney/Documents/rbe500/ros_500/install/open_manipulator_x_libs:/home/srooney/Documents/rbe500/ros_500/install/robotis_manipulator:/home/srooney/Documents/rbe500/ros_500/install/dynamixel_workbench_toolbox:/home/srooney/Documents/rbe500/ros_500/install/open_manipulator_msgs:/home/srooney/Documents/rbe500/ros_500/install/dynamixel_sdk:/home/srooney/Documents/rbe500/ros_500/install/cmake_modules:/opt/ros/humble LD_LIBRARY_PATH=/home/srooney/Documents/rbe500/ros_500/install/open_manipulator_x_libs/lib:/home/srooney/Documents/rbe500/ros_500/install/robotis_manipulator/lib:/home/srooney/Documents/rbe500/ros_500/install/dynamixel_workbench_toolbox/lib:/home/srooney/Documents/rbe500/ros_500/install/open_manipulator_msgs/lib:/home/srooney/Documents/rbe500/ros_500/install/dynamixel_sdk/lib:${LD_LIBRARY_PATH} PYTHONPATH=/home/srooney/Documents/rbe500/ros_500/install/open_manipulator_msgs/local/lib/python3.10/dist-packages:${PYTHONPATH} /usr/bin/cmake --build /home/srooney/Documents/rbe500/ros_500/build/open_manipulator_x_controller -- -j16 -l16
[1.825s] [ 50%] [32mBuilding CXX object CMakeFiles/open_manipulator_x_controller.dir/src/open_manipulator_x_controller.cpp.o[0m
[4.245s] [01m[K/home/srooney/Documents/rbe500/ros_500/src/open_manipulator/open_manipulator_x_controller/src/open_manipulator_x_controller.cpp:[m[K In member function ‘[01m[Kvoid open_manipulator_x_controller::OpenManipulatorXController::init_publisher()[m[K’:
[4.245s] [01m[K/home/srooney/Documents/rbe500/ros_500/src/open_manipulator/open_manipulator_x_controller/src/open_manipulator_x_controller.cpp:103:21:[m[K [01;35m[Kwarning: [m[Kunused variable ‘[01m[Kname[m[K’ [[01;35m[K]8;;https://gcc.gnu.org/onlinedocs/gcc/Warning-Options.html#index-Wunused-variable-Wunused-variable]8;;[m[K]
[4.245s]   103 |   for (auto const & [01;35m[Kname[m[K:tools_name)
[4.246s]       |                     [01;35m[K^~~~[m[K
[11.808s] [100%] [32m[1mLinking CXX executable open_manipulator_x_controller[0m
[12.652s] [100%] Built target open_manipulator_x_controller
[12.668s] Invoked command in '/home/srooney/Documents/rbe500/ros_500/build/open_manipulator_x_controller' returned '0': AMENT_PREFIX_PATH=/home/srooney/Documents/rbe500/ros_500/install/open_manipulator_x_libs:/home/srooney/Documents/rbe500/ros_500/install/robotis_manipulator:/home/srooney/Documents/rbe500/ros_500/install/dynamixel_workbench_toolbox:/home/srooney/Documents/rbe500/ros_500/install/open_manipulator_msgs:/home/srooney/Documents/rbe500/ros_500/install/dynamixel_sdk:/home/srooney/Documents/rbe500/ros_500/install/cmake_modules:${AMENT_PREFIX_PATH} CMAKE_PREFIX_PATH=/home/srooney/Documents/rbe500/ros_500/install/open_manipulator_x_libs:/home/srooney/Documents/rbe500/ros_500/install/robotis_manipulator:/home/srooney/Documents/rbe500/ros_500/install/dynamixel_workbench_toolbox:/home/srooney/Documents/rbe500/ros_500/install/open_manipulator_msgs:/home/srooney/Documents/rbe500/ros_500/install/dynamixel_sdk:/home/srooney/Documents/rbe500/ros_500/install/cmake_modules:/opt/ros/humble LD_LIBRARY_PATH=/home/srooney/Documents/rbe500/ros_500/install/open_manipulator_x_libs/lib:/home/srooney/Documents/rbe500/ros_500/install/robotis_manipulator/lib:/home/srooney/Documents/rbe500/ros_500/install/dynamixel_workbench_toolbox/lib:/home/srooney/Documents/rbe500/ros_500/install/open_manipulator_msgs/lib:/home/srooney/Documents/rbe500/ros_500/install/dynamixel_sdk/lib:${LD_LIBRARY_PATH} PYTHONPATH=/home/srooney/Documents/rbe500/ros_500/install/open_manipulator_msgs/local/lib/python3.10/dist-packages:${PYTHONPATH} /usr/bin/cmake --build /home/srooney/Documents/rbe500/ros_500/build/open_manipulator_x_controller -- -j16 -l16
[12.696s] Invoking command in '/home/srooney/Documents/rbe500/ros_500/build/open_manipulator_x_controller': AMENT_PREFIX_PATH=/home/srooney/Documents/rbe500/ros_500/install/open_manipulator_x_libs:/home/srooney/Documents/rbe500/ros_500/install/robotis_manipulator:/home/srooney/Documents/rbe500/ros_500/install/dynamixel_workbench_toolbox:/home/srooney/Documents/rbe500/ros_500/install/open_manipulator_msgs:/home/srooney/Documents/rbe500/ros_500/install/dynamixel_sdk:/home/srooney/Documents/rbe500/ros_500/install/cmake_modules:${AMENT_PREFIX_PATH} CMAKE_PREFIX_PATH=/home/srooney/Documents/rbe500/ros_500/install/open_manipulator_x_libs:/home/srooney/Documents/rbe500/ros_500/install/robotis_manipulator:/home/srooney/Documents/rbe500/ros_500/install/dynamixel_workbench_toolbox:/home/srooney/Documents/rbe500/ros_500/install/open_manipulator_msgs:/home/srooney/Documents/rbe500/ros_500/install/dynamixel_sdk:/home/srooney/Documents/rbe500/ros_500/install/cmake_modules:/opt/ros/humble LD_LIBRARY_PATH=/home/srooney/Documents/rbe500/ros_500/install/open_manipulator_x_libs/lib:/home/srooney/Documents/rbe500/ros_500/install/robotis_manipulator/lib:/home/srooney/Documents/rbe500/ros_500/install/dynamixel_workbench_toolbox/lib:/home/srooney/Documents/rbe500/ros_500/install/open_manipulator_msgs/lib:/home/srooney/Documents/rbe500/ros_500/install/dynamixel_sdk/lib:${LD_LIBRARY_PATH} PYTHONPATH=/home/srooney/Documents/rbe500/ros_500/install/open_manipulator_msgs/local/lib/python3.10/dist-packages:${PYTHONPATH} /usr/bin/cmake --install /home/srooney/Documents/rbe500/ros_500/build/open_manipulator_x_controller
[12.701s] -- Install configuration: ""
[12.701s] -- Execute custom install script
[12.701s] -- Symlinking: /home/srooney/Documents/rbe500/ros_500/install/open_manipulator_x_controller/lib/open_manipulator_x_controller/open_manipulator_x_controller
[12.714s] -- Symlinking: /home/srooney/Documents/rbe500/ros_500/install/open_manipulator_x_controller/share/open_manipulator_x_controller/99-open-manipulator-cdc.rules
[12.726s] -- Symlinking: /home/srooney/Documents/rbe500/ros_500/install/open_manipulator_x_controller/share/open_manipulator_x_controller/launch/open_manipulator_x_controller.launch.py
[12.739s] -- Symlinking: /home/srooney/Documents/rbe500/ros_500/install/open_manipulator_x_controller/share/open_manipulator_x_controller/param/open_manipulator_x_controller_params.yaml
[12.745s] -- Symlinking: /home/srooney/Documents/rbe500/ros_500/install/open_manipulator_x_controller/lib/open_manipulator_x_controller/create_udev_rules
[12.751s] -- Symlinking: /home/srooney/Documents/rbe500/ros_500/install/open_manipulator_x_controller/share/ament_index/resource_index/package_run_dependencies/open_manipulator_x_controller
[12.758s] -- Symlinking: /home/srooney/Documents/rbe500/ros_500/install/open_manipulator_x_controller/share/ament_index/resource_index/parent_prefix_path/open_manipulator_x_controller
[12.770s] -- Symlinking: /home/srooney/Documents/rbe500/ros_500/install/open_manipulator_x_controller/share/open_manipulator_x_controller/environment/ament_prefix_path.sh
[12.776s] -- Symlinking: /home/srooney/Documents/rbe500/ros_500/install/open_manipulator_x_controller/share/open_manipulator_x_controller/environment/ament_prefix_path.dsv
[12.782s] -- Symlinking: /home/srooney/Documents/rbe500/ros_500/install/open_manipulator_x_controller/share/open_manipulator_x_controller/environment/path.sh
[12.788s] -- Symlinking: /home/srooney/Documents/rbe500/ros_500/install/open_manipulator_x_controller/share/open_manipulator_x_controller/environment/path.dsv
[12.794s] -- Symlinking: /home/srooney/Documents/rbe500/ros_500/install/open_manipulator_x_controller/share/open_manipulator_x_controller/local_setup.bash
[12.806s] -- Symlinking: /home/srooney/Documents/rbe500/ros_500/install/open_manipulator_x_controller/share/open_manipulator_x_controller/local_setup.sh
[12.813s] -- Symlinking: /home/srooney/Documents/rbe500/ros_500/install/open_manipulator_x_controller/share/open_manipulator_x_controller/local_setup.zsh
[12.819s] -- Symlinking: /home/srooney/Documents/rbe500/ros_500/install/open_manipulator_x_controller/share/open_manipulator_x_controller/local_setup.dsv
[12.826s] -- Symlinking: /home/srooney/Documents/rbe500/ros_500/install/open_manipulator_x_controller/share/open_manipulator_x_controller/package.dsv
[12.839s] -- Symlinking: /home/srooney/Documents/rbe500/ros_500/install/open_manipulator_x_controller/share/ament_index/resource_index/packages/open_manipulator_x_controller
[12.846s] -- Symlinking: /home/srooney/Documents/rbe500/ros_500/install/open_manipulator_x_controller/share/open_manipulator_x_controller/cmake/ament_cmake_export_include_directories-extras.cmake
[12.852s] -- Symlinking: /home/srooney/Documents/rbe500/ros_500/install/open_manipulator_x_controller/share/open_manipulator_x_controller/cmake/ament_cmake_export_dependencies-extras.cmake
[12.858s] -- Symlinking: /home/srooney/Documents/rbe500/ros_500/install/open_manipulator_x_controller/share/open_manipulator_x_controller/cmake/open_manipulator_x_controllerConfig.cmake
[12.865s] -- Symlinking: /home/srooney/Documents/rbe500/ros_500/install/open_manipulator_x_controller/share/open_manipulator_x_controller/cmake/open_manipulator_x_controllerConfig-version.cmake
[12.872s] -- Symlinking: /home/srooney/Documents/rbe500/ros_500/install/open_manipulator_x_controller/share/open_manipulator_x_controller/package.xml
[12.881s] Invoked command in '/home/srooney/Documents/rbe500/ros_500/build/open_manipulator_x_controller' returned '0': AMENT_PREFIX_PATH=/home/srooney/Documents/rbe500/ros_500/install/open_manipulator_x_libs:/home/srooney/Documents/rbe500/ros_500/install/robotis_manipulator:/home/srooney/Documents/rbe500/ros_500/install/dynamixel_workbench_toolbox:/home/srooney/Documents/rbe500/ros_500/install/open_manipulator_msgs:/home/srooney/Documents/rbe500/ros_500/install/dynamixel_sdk:/home/srooney/Documents/rbe500/ros_500/install/cmake_modules:${AMENT_PREFIX_PATH} CMAKE_PREFIX_PATH=/home/srooney/Documents/rbe500/ros_500/install/open_manipulator_x_libs:/home/srooney/Documents/rbe500/ros_500/install/robotis_manipulator:/home/srooney/Documents/rbe500/ros_500/install/dynamixel_workbench_toolbox:/home/srooney/Documents/rbe500/ros_500/install/open_manipulator_msgs:/home/srooney/Documents/rbe500/ros_500/install/dynamixel_sdk:/home/srooney/Documents/rbe500/ros_500/install/cmake_modules:/opt/ros/humble LD_LIBRARY_PATH=/home/srooney/Documents/rbe500/ros_500/install/open_manipulator_x_libs/lib:/home/srooney/Documents/rbe500/ros_500/install/robotis_manipulator/lib:/home/srooney/Documents/rbe500/ros_500/install/dynamixel_workbench_toolbox/lib:/home/srooney/Documents/rbe500/ros_500/install/open_manipulator_msgs/lib:/home/srooney/Documents/rbe500/ros_500/install/dynamixel_sdk/lib:${LD_LIBRARY_PATH} PYTHONPATH=/home/srooney/Documents/rbe500/ros_500/install/open_manipulator_msgs/local/lib/python3.10/dist-packages:${PYTHONPATH} /usr/bin/cmake --install /home/srooney/Documents/rbe500/ros_500/build/open_manipulator_x_controller
