-- The C compiler identification is GNU 11.4.0
-- The CXX compiler identification is GNU 11.4.0
-- Detecting C compiler ABI info
-- Detecting C compiler ABI info - done
-- Check for working C compiler: /usr/bin/cc - skipped
-- Detecting C compile features
-- Detecting C compile features - done
-- Detecting CXX compiler ABI info
-- Detecting CXX compiler ABI info - done
-- Check for working CXX compiler: /usr/bin/c++ - skipped
-- Detecting CXX compile features
-- Detecting CXX compile features - done
-- Found ament_cmake: 1.3.5 (/opt/ros/humble/share/ament_cmake/cmake)
-- Found Python3: /usr/bin/python3.10 (found version "3.10.12") found components: Interpreter 
-- Override CMake install command with custom implementation using symlinks instead of copying resources
-- Found rclcpp: 16.0.6 (/opt/ros/humble/share/rclcpp/cmake)
-- Found rosidl_generator_c: 3.1.5 (/opt/ros/humble/share/rosidl_generator_c/cmake)
-- Found rosidl_adapter: 3.1.5 (/opt/ros/humble/share/rosidl_adapter/cmake)
-- Found rosidl_generator_cpp: 3.1.5 (/opt/ros/humble/share/rosidl_generator_cpp/cmake)
-- Using all available rosidl_typesupport_c: rosidl_typesupport_fastrtps_c;rosidl_typesupport_introspection_c
-- Using all available rosidl_typesupport_cpp: rosidl_typesupport_fastrtps_cpp;rosidl_typesupport_introspection_cpp
-- Found rmw_implementation_cmake: 6.1.1 (/opt/ros/humble/share/rmw_implementation_cmake/cmake)
-- Found rmw_fastrtps_cpp: 6.2.4 (/opt/ros/humble/share/rmw_fastrtps_cpp/cmake)
-- Found OpenSSL: /usr/lib/x86_64-linux-gnu/libcrypto.so (found version "3.0.2")  
-- Found FastRTPS: /opt/ros/humble/include  
-- Using RMW implementation 'rmw_fastrtps_cpp' as default
-- Looking for pthread.h
-- Looking for pthread.h - found
-- Performing Test CMAKE_HAVE_LIBC_PTHREAD
-- Performing Test CMAKE_HAVE_LIBC_PTHREAD - Success
-- Found Threads: TRUE  
-- Found example_interfaces: 0.9.3 (/opt/ros/humble/share/example_interfaces/cmake)
-- Found open_manipulator_msgs: 2.2.0 (/home/srooney/Documents/rbe500/ros_500/install/open_manipulator_msgs/share/open_manipulator_msgs/cmake)
-- Found ament_lint_auto: 0.12.8 (/opt/ros/humble/share/ament_lint_auto/cmake)
-- Added test 'cppcheck' to perform static code analysis on C / C++ code
-- Configured cppcheck include dirs: $<BUILD_INTERFACE:/home/srooney/Documents/rbe500/ros_500/src/rbe500-example/include>;/home/srooney/Documents/rbe500/ros_500/src/rbe500-example/open_manipulator_msgs/srv
-- Configured cppcheck exclude dirs and/or files: 
-- Added test 'lint_cmake' to check CMake code style
-- Added test 'uncrustify' to check C / C++ code style
-- Configured uncrustify additional arguments: 
-- Added test 'xmllint' to check XML markup files
-- Configuring done
-- Generating done
-- Build files have been written to: /home/srooney/Documents/rbe500/ros_500/build/rbe500-example
[ 50%] [32mBuilding CXX object CMakeFiles/basic_robot_control.dir/src/basic_robot_control.cpp.o[0m
[100%] [32m[1mLinking CXX executable basic_robot_control[0m
[100%] Built target basic_robot_control
-- Install configuration: ""
-- Execute custom install script
-- Symlinking: /home/srooney/Documents/rbe500/ros_500/install/rbe500-example/lib/rbe500-example/basic_robot_control
-- Symlinking: /home/srooney/Documents/rbe500/ros_500/install/rbe500-example/share/ament_index/resource_index/package_run_dependencies/rbe500-example
-- Symlinking: /home/srooney/Documents/rbe500/ros_500/install/rbe500-example/share/ament_index/resource_index/parent_prefix_path/rbe500-example
-- Symlinking: /home/srooney/Documents/rbe500/ros_500/install/rbe500-example/share/rbe500-example/environment/ament_prefix_path.sh
-- Symlinking: /home/srooney/Documents/rbe500/ros_500/install/rbe500-example/share/rbe500-example/environment/ament_prefix_path.dsv
-- Symlinking: /home/srooney/Documents/rbe500/ros_500/install/rbe500-example/share/rbe500-example/environment/path.sh
-- Symlinking: /home/srooney/Documents/rbe500/ros_500/install/rbe500-example/share/rbe500-example/environment/path.dsv
-- Symlinking: /home/srooney/Documents/rbe500/ros_500/install/rbe500-example/share/rbe500-example/local_setup.bash
-- Symlinking: /home/srooney/Documents/rbe500/ros_500/install/rbe500-example/share/rbe500-example/local_setup.sh
-- Symlinking: /home/srooney/Documents/rbe500/ros_500/install/rbe500-example/share/rbe500-example/local_setup.zsh
-- Symlinking: /home/srooney/Documents/rbe500/ros_500/install/rbe500-example/share/rbe500-example/local_setup.dsv
-- Symlinking: /home/srooney/Documents/rbe500/ros_500/install/rbe500-example/share/rbe500-example/package.dsv
-- Symlinking: /home/srooney/Documents/rbe500/ros_500/install/rbe500-example/share/ament_index/resource_index/packages/rbe500-example
-- Symlinking: /home/srooney/Documents/rbe500/ros_500/install/rbe500-example/share/rbe500-example/cmake/rbe500-exampleConfig.cmake
-- Symlinking: /home/srooney/Documents/rbe500/ros_500/install/rbe500-example/share/rbe500-example/cmake/rbe500-exampleConfig-version.cmake
-- Symlinking: /home/srooney/Documents/rbe500/ros_500/install/rbe500-example/share/rbe500-example/package.xml
