-- Install configuration: ""
-- Execute custom install script
-- Up-to-date symlink: /home/srooney/Documents/rbe500/ros_500/install/cmake_modules/share/cmake_modules/cmake/Modules/FindGSL.cmake
-- Up-to-date symlink: /home/srooney/Documents/rbe500/ros_500/install/cmake_modules/share/cmake_modules/cmake/Modules/FindGflags.cmake
-- Up-to-date symlink: /home/srooney/Documents/rbe500/ros_500/install/cmake_modules/share/cmake_modules/cmake/Modules/FindNUMPY.cmake
-- Up-to-date symlink: /home/srooney/Documents/rbe500/ros_500/install/cmake_modules/share/cmake_modules/cmake/Modules/FindPoco.cmake
-- Up-to-date symlink: /home/srooney/Documents/rbe500/ros_500/install/cmake_modules/share/cmake_modules/cmake/Modules/FindTBB.cmake
-- Up-to-date symlink: /home/srooney/Documents/rbe500/ros_500/install/cmake_modules/share/cmake_modules/cmake/Modules/FindTinyXML.cmake
-- Up-to-date symlink: /home/srooney/Documents/rbe500/ros_500/install/cmake_modules/share/cmake_modules/cmake/Modules/FindTinyXML2.cmake
-- Up-to-date symlink: /home/srooney/Documents/rbe500/ros_500/install/cmake_modules/share/cmake_modules/cmake/Modules/FindUUID.cmake
-- Up-to-date symlink: /home/srooney/Documents/rbe500/ros_500/install/cmake_modules/share/cmake_modules/cmake/Modules/FindXenomai.cmake
-- Up-to-date symlink: /home/srooney/Documents/rbe500/ros_500/install/cmake_modules/share/ament_index/resource_index/package_run_dependencies/cmake_modules
-- Up-to-date symlink: /home/srooney/Documents/rbe500/ros_500/install/cmake_modules/share/ament_index/resource_index/parent_prefix_path/cmake_modules
-- Up-to-date symlink: /home/srooney/Documents/rbe500/ros_500/install/cmake_modules/share/cmake_modules/environment/ament_prefix_path.sh
-- Up-to-date symlink: /home/srooney/Documents/rbe500/ros_500/install/cmake_modules/share/cmake_modules/environment/ament_prefix_path.dsv
-- Up-to-date symlink: /home/srooney/Documents/rbe500/ros_500/install/cmake_modules/share/cmake_modules/environment/path.sh
-- Up-to-date symlink: /home/srooney/Documents/rbe500/ros_500/install/cmake_modules/share/cmake_modules/environment/path.dsv
-- Up-to-date symlink: /home/srooney/Documents/rbe500/ros_500/install/cmake_modules/share/cmake_modules/local_setup.bash
-- Up-to-date symlink: /home/srooney/Documents/rbe500/ros_500/install/cmake_modules/share/cmake_modules/local_setup.sh
-- Up-to-date symlink: /home/srooney/Documents/rbe500/ros_500/install/cmake_modules/share/cmake_modules/local_setup.zsh
-- Up-to-date symlink: /home/srooney/Documents/rbe500/ros_500/install/cmake_modules/share/cmake_modules/local_setup.dsv
-- Symlinking: /home/srooney/Documents/rbe500/ros_500/install/cmake_modules/share/cmake_modules/package.dsv
-- Up-to-date symlink: /home/srooney/Documents/rbe500/ros_500/install/cmake_modules/share/ament_index/resource_index/packages/cmake_modules
-- Up-to-date symlink: /home/srooney/Documents/rbe500/ros_500/install/cmake_modules/share/cmake_modules/cmake/cmake_modules-extras.cmake
-- Up-to-date symlink: /home/srooney/Documents/rbe500/ros_500/install/cmake_modules/share/cmake_modules/cmake/ament_cmake_export_dependencies-extras.cmake
-- Up-to-date symlink: /home/srooney/Documents/rbe500/ros_500/install/cmake_modules/share/cmake_modules/cmake/cmake_modulesConfig.cmake
-- Up-to-date symlink: /home/srooney/Documents/rbe500/ros_500/install/cmake_modules/share/cmake_modules/cmake/cmake_modulesConfig-version.cmake
-- Up-to-date symlink: /home/srooney/Documents/rbe500/ros_500/install/cmake_modules/share/cmake_modules/package.xml
