[0.146s] Invoking command in '/home/srooney/Documents/rbe500/ros_500/build/cmake_modules': CMAKE_PREFIX_PATH=/opt/ros/humble /usr/bin/cmake --build /home/srooney/Documents/rbe500/ros_500/build/cmake_modules -- -j16 -l16
[0.173s] Invoked command in '/home/srooney/Documents/rbe500/ros_500/build/cmake_modules' returned '0': CMAKE_PREFIX_PATH=/opt/ros/humble /usr/bin/cmake --build /home/srooney/Documents/rbe500/ros_500/build/cmake_modules -- -j16 -l16
[0.203s] Invoking command in '/home/srooney/Documents/rbe500/ros_500/build/cmake_modules': CMAKE_PREFIX_PATH=/opt/ros/humble /usr/bin/cmake --install /home/srooney/Documents/rbe500/ros_500/build/cmake_modules
[0.211s] -- Install configuration: ""
[0.218s] -- Execute custom install script
[0.218s] -- Up-to-date symlink: /home/srooney/Documents/rbe500/ros_500/install/cmake_modules/share/cmake_modules/cmake/Modules/FindGSL.cmake
[0.218s] -- Up-to-date symlink: /home/srooney/Documents/rbe500/ros_500/install/cmake_modules/share/cmake_modules/cmake/Modules/FindGflags.cmake
[0.218s] -- Up-to-date symlink: /home/srooney/Documents/rbe500/ros_500/install/cmake_modules/share/cmake_modules/cmake/Modules/FindNUMPY.cmake
[0.218s] -- Up-to-date symlink: /home/srooney/Documents/rbe500/ros_500/install/cmake_modules/share/cmake_modules/cmake/Modules/FindPoco.cmake
[0.218s] -- Up-to-date symlink: /home/srooney/Documents/rbe500/ros_500/install/cmake_modules/share/cmake_modules/cmake/Modules/FindTBB.cmake
[0.219s] -- Up-to-date symlink: /home/srooney/Documents/rbe500/ros_500/install/cmake_modules/share/cmake_modules/cmake/Modules/FindTinyXML.cmake
[0.219s] -- Up-to-date symlink: /home/srooney/Documents/rbe500/ros_500/install/cmake_modules/share/cmake_modules/cmake/Modules/FindTinyXML2.cmake
[0.219s] -- Up-to-date symlink: /home/srooney/Documents/rbe500/ros_500/install/cmake_modules/share/cmake_modules/cmake/Modules/FindUUID.cmake
[0.219s] -- Up-to-date symlink: /home/srooney/Documents/rbe500/ros_500/install/cmake_modules/share/cmake_modules/cmake/Modules/FindXenomai.cmake
[0.219s] -- Up-to-date symlink: /home/srooney/Documents/rbe500/ros_500/install/cmake_modules/share/ament_index/resource_index/package_run_dependencies/cmake_modules
[0.221s] -- Up-to-date symlink: /home/srooney/Documents/rbe500/ros_500/install/cmake_modules/share/ament_index/resource_index/parent_prefix_path/cmake_modules
[0.221s] -- Up-to-date symlink: /home/srooney/Documents/rbe500/ros_500/install/cmake_modules/share/cmake_modules/environment/ament_prefix_path.sh
[0.221s] -- Up-to-date symlink: /home/srooney/Documents/rbe500/ros_500/install/cmake_modules/share/cmake_modules/environment/ament_prefix_path.dsv
[0.221s] -- Up-to-date symlink: /home/srooney/Documents/rbe500/ros_500/install/cmake_modules/share/cmake_modules/environment/path.sh
[0.221s] -- Up-to-date symlink: /home/srooney/Documents/rbe500/ros_500/install/cmake_modules/share/cmake_modules/environment/path.dsv
[0.223s] -- Up-to-date symlink: /home/srooney/Documents/rbe500/ros_500/install/cmake_modules/share/cmake_modules/local_setup.bash
[0.223s] -- Up-to-date symlink: /home/srooney/Documents/rbe500/ros_500/install/cmake_modules/share/cmake_modules/local_setup.sh
[0.223s] -- Up-to-date symlink: /home/srooney/Documents/rbe500/ros_500/install/cmake_modules/share/cmake_modules/local_setup.zsh
[0.224s] -- Up-to-date symlink: /home/srooney/Documents/rbe500/ros_500/install/cmake_modules/share/cmake_modules/local_setup.dsv
[0.224s] -- Symlinking: /home/srooney/Documents/rbe500/ros_500/install/cmake_modules/share/cmake_modules/package.dsv
[0.225s] -- Up-to-date symlink: /home/srooney/Documents/rbe500/ros_500/install/cmake_modules/share/ament_index/resource_index/packages/cmake_modules
[0.225s] -- Up-to-date symlink: /home/srooney/Documents/rbe500/ros_500/install/cmake_modules/share/cmake_modules/cmake/cmake_modules-extras.cmake
[0.225s] -- Up-to-date symlink: /home/srooney/Documents/rbe500/ros_500/install/cmake_modules/share/cmake_modules/cmake/ament_cmake_export_dependencies-extras.cmake
[0.226s] -- Up-to-date symlink: /home/srooney/Documents/rbe500/ros_500/install/cmake_modules/share/cmake_modules/cmake/cmake_modulesConfig.cmake
[0.226s] -- Up-to-date symlink: /home/srooney/Documents/rbe500/ros_500/install/cmake_modules/share/cmake_modules/cmake/cmake_modulesConfig-version.cmake
[0.226s] -- Up-to-date symlink: /home/srooney/Documents/rbe500/ros_500/install/cmake_modules/share/cmake_modules/package.xml
[0.230s] Invoked command in '/home/srooney/Documents/rbe500/ros_500/build/cmake_modules' returned '0': CMAKE_PREFIX_PATH=/opt/ros/humble /usr/bin/cmake --install /home/srooney/Documents/rbe500/ros_500/build/cmake_modules
