[35m[1mConsolidate compiler generated dependencies of target open_manipulator_x_controller[0m
[100%] Built target open_manipulator_x_controller
-- Install configuration: ""
-- Execute custom install script
-- Up-to-date symlink: /home/srooney/Documents/rbe500/ros_500/install/open_manipulator_x_controller/lib/open_manipulator_x_controller/open_manipulator_x_controller
-- Up-to-date symlink: /home/srooney/Documents/rbe500/ros_500/install/open_manipulator_x_controller/share/open_manipulator_x_controller/99-open-manipulator-cdc.rules
-- Up-to-date symlink: /home/srooney/Documents/rbe500/ros_500/install/open_manipulator_x_controller/share/open_manipulator_x_controller/launch/open_manipulator_x_controller.launch.py
-- Up-to-date symlink: /home/srooney/Documents/rbe500/ros_500/install/open_manipulator_x_controller/share/open_manipulator_x_controller/param/open_manipulator_x_controller_params.yaml
-- Up-to-date symlink: /home/srooney/Documents/rbe500/ros_500/install/open_manipulator_x_controller/lib/open_manipulator_x_controller/create_udev_rules
-- Up-to-date symlink: /home/srooney/Documents/rbe500/ros_500/install/open_manipulator_x_controller/share/ament_index/resource_index/package_run_dependencies/open_manipulator_x_controller
-- Up-to-date symlink: /home/srooney/Documents/rbe500/ros_500/install/open_manipulator_x_controller/share/ament_index/resource_index/parent_prefix_path/open_manipulator_x_controller
-- Up-to-date symlink: /home/srooney/Documents/rbe500/ros_500/install/open_manipulator_x_controller/share/open_manipulator_x_controller/environment/ament_prefix_path.sh
-- Up-to-date symlink: /home/srooney/Documents/rbe500/ros_500/install/open_manipulator_x_controller/share/open_manipulator_x_controller/environment/ament_prefix_path.dsv
-- Up-to-date symlink: /home/srooney/Documents/rbe500/ros_500/install/open_manipulator_x_controller/share/open_manipulator_x_controller/environment/path.sh
-- Up-to-date symlink: /home/srooney/Documents/rbe500/ros_500/install/open_manipulator_x_controller/share/open_manipulator_x_controller/environment/path.dsv
-- Up-to-date symlink: /home/srooney/Documents/rbe500/ros_500/install/open_manipulator_x_controller/share/open_manipulator_x_controller/local_setup.bash
-- Up-to-date symlink: /home/srooney/Documents/rbe500/ros_500/install/open_manipulator_x_controller/share/open_manipulator_x_controller/local_setup.sh
-- Up-to-date symlink: /home/srooney/Documents/rbe500/ros_500/install/open_manipulator_x_controller/share/open_manipulator_x_controller/local_setup.zsh
-- Up-to-date symlink: /home/srooney/Documents/rbe500/ros_500/install/open_manipulator_x_controller/share/open_manipulator_x_controller/local_setup.dsv
-- Symlinking: /home/srooney/Documents/rbe500/ros_500/install/open_manipulator_x_controller/share/open_manipulator_x_controller/package.dsv
-- Up-to-date symlink: /home/srooney/Documents/rbe500/ros_500/install/open_manipulator_x_controller/share/ament_index/resource_index/packages/open_manipulator_x_controller
-- Up-to-date symlink: /home/srooney/Documents/rbe500/ros_500/install/open_manipulator_x_controller/share/open_manipulator_x_controller/cmake/ament_cmake_export_include_directories-extras.cmake
-- Up-to-date symlink: /home/srooney/Documents/rbe500/ros_500/install/open_manipulator_x_controller/share/open_manipulator_x_controller/cmake/ament_cmake_export_dependencies-extras.cmake
-- Up-to-date symlink: /home/srooney/Documents/rbe500/ros_500/install/open_manipulator_x_controller/share/open_manipulator_x_controller/cmake/open_manipulator_x_controllerConfig.cmake
-- Up-to-date symlink: /home/srooney/Documents/rbe500/ros_500/install/open_manipulator_x_controller/share/open_manipulator_x_controller/cmake/open_manipulator_x_controllerConfig-version.cmake
-- Up-to-date symlink: /home/srooney/Documents/rbe500/ros_500/install/open_manipulator_x_controller/share/open_manipulator_x_controller/package.xml
