[0.079s] Invoking command in '/home/srooney/Documents/rbe500/ros_500/build/rbe500-example': AMENT_PREFIX_PATH=/home/srooney/Documents/rbe500/ros_500/install/open_manipulator_msgs:${AMENT_PREFIX_PATH} CMAKE_PREFIX_PATH=/home/srooney/Documents/rbe500/ros_500/install/open_manipulator_msgs:/opt/ros/humble LD_LIBRARY_PATH=/home/srooney/Documents/rbe500/ros_500/install/open_manipulator_msgs/lib:${LD_LIBRARY_PATH} PYTHONPATH=/home/srooney/Documents/rbe500/ros_500/install/open_manipulator_msgs/local/lib/python3.10/dist-packages:${PYTHONPATH} /usr/bin/cmake --build /home/srooney/Documents/rbe500/ros_500/build/rbe500-example -- -j16 -l16
[0.122s] [35m[1mConsolidate compiler generated dependencies of target basic_robot_control[0m
[0.133s] [100%] Built target basic_robot_control
[0.229s] Invoked command in '/home/srooney/Documents/rbe500/ros_500/build/rbe500-example' returned '0': AMENT_PREFIX_PATH=/home/srooney/Documents/rbe500/ros_500/install/open_manipulator_msgs:${AMENT_PREFIX_PATH} CMAKE_PREFIX_PATH=/home/srooney/Documents/rbe500/ros_500/install/open_manipulator_msgs:/opt/ros/humble LD_LIBRARY_PATH=/home/srooney/Documents/rbe500/ros_500/install/open_manipulator_msgs/lib:${LD_LIBRARY_PATH} PYTHONPATH=/home/srooney/Documents/rbe500/ros_500/install/open_manipulator_msgs/local/lib/python3.10/dist-packages:${PYTHONPATH} /usr/bin/cmake --build /home/srooney/Documents/rbe500/ros_500/build/rbe500-example -- -j16 -l16
[0.243s] Invoking command in '/home/srooney/Documents/rbe500/ros_500/build/rbe500-example': AMENT_PREFIX_PATH=/home/srooney/Documents/rbe500/ros_500/install/open_manipulator_msgs:${AMENT_PREFIX_PATH} CMAKE_PREFIX_PATH=/home/srooney/Documents/rbe500/ros_500/install/open_manipulator_msgs:/opt/ros/humble LD_LIBRARY_PATH=/home/srooney/Documents/rbe500/ros_500/install/open_manipulator_msgs/lib:${LD_LIBRARY_PATH} PYTHONPATH=/home/srooney/Documents/rbe500/ros_500/install/open_manipulator_msgs/local/lib/python3.10/dist-packages:${PYTHONPATH} /usr/bin/cmake --install /home/srooney/Documents/rbe500/ros_500/build/rbe500-example
[0.248s] -- Install configuration: ""
[0.248s] -- Execute custom install script
[0.248s] -- Up-to-date symlink: /home/srooney/Documents/rbe500/ros_500/install/rbe500-example/lib/rbe500-example/basic_robot_control
[0.248s] -- Up-to-date symlink: /home/srooney/Documents/rbe500/ros_500/install/rbe500-example/share/ament_index/resource_index/package_run_dependencies/rbe500-example
[0.249s] -- Up-to-date symlink: /home/srooney/Documents/rbe500/ros_500/install/rbe500-example/share/ament_index/resource_index/parent_prefix_path/rbe500-example
[0.249s] -- Up-to-date symlink: /home/srooney/Documents/rbe500/ros_500/install/rbe500-example/share/rbe500-example/environment/ament_prefix_path.sh
[0.249s] -- Up-to-date symlink: /home/srooney/Documents/rbe500/ros_500/install/rbe500-example/share/rbe500-example/environment/ament_prefix_path.dsv
[0.249s] -- Up-to-date symlink: /home/srooney/Documents/rbe500/ros_500/install/rbe500-example/share/rbe500-example/environment/path.sh
[0.249s] -- Up-to-date symlink: /home/srooney/Documents/rbe500/ros_500/install/rbe500-example/share/rbe500-example/environment/path.dsv
[0.249s] -- Up-to-date symlink: /home/srooney/Documents/rbe500/ros_500/install/rbe500-example/share/rbe500-example/local_setup.bash
[0.249s] -- Up-to-date symlink: /home/srooney/Documents/rbe500/ros_500/install/rbe500-example/share/rbe500-example/local_setup.sh
[0.249s] -- Up-to-date symlink: /home/srooney/Documents/rbe500/ros_500/install/rbe500-example/share/rbe500-example/local_setup.zsh
[0.250s] -- Up-to-date symlink: /home/srooney/Documents/rbe500/ros_500/install/rbe500-example/share/rbe500-example/local_setup.dsv
[0.250s] -- Symlinking: /home/srooney/Documents/rbe500/ros_500/install/rbe500-example/share/rbe500-example/package.dsv
[0.256s] -- Up-to-date symlink: /home/srooney/Documents/rbe500/ros_500/install/rbe500-example/share/ament_index/resource_index/packages/rbe500-example
[0.256s] -- Up-to-date symlink: /home/srooney/Documents/rbe500/ros_500/install/rbe500-example/share/rbe500-example/cmake/rbe500-exampleConfig.cmake
[0.256s] -- Up-to-date symlink: /home/srooney/Documents/rbe500/ros_500/install/rbe500-example/share/rbe500-example/cmake/rbe500-exampleConfig-version.cmake
[0.257s] -- Up-to-date symlink: /home/srooney/Documents/rbe500/ros_500/install/rbe500-example/share/rbe500-example/package.xml
[0.260s] Invoked command in '/home/srooney/Documents/rbe500/ros_500/build/rbe500-example' returned '0': AMENT_PREFIX_PATH=/home/srooney/Documents/rbe500/ros_500/install/open_manipulator_msgs:${AMENT_PREFIX_PATH} CMAKE_PREFIX_PATH=/home/srooney/Documents/rbe500/ros_500/install/open_manipulator_msgs:/opt/ros/humble LD_LIBRARY_PATH=/home/srooney/Documents/rbe500/ros_500/install/open_manipulator_msgs/lib:${LD_LIBRARY_PATH} PYTHONPATH=/home/srooney/Documents/rbe500/ros_500/install/open_manipulator_msgs/local/lib/python3.10/dist-packages:${PYTHONPATH} /usr/bin/cmake --install /home/srooney/Documents/rbe500/ros_500/build/rbe500-example
