[0.070s] Invoking command in '/home/srooney/Documents/rbe500/ros_500/build/open_manipulator_x_libs': AMENT_PREFIX_PATH=/home/srooney/Documents/rbe500/ros_500/install/robotis_manipulator:/home/srooney/Documents/rbe500/ros_500/install/dynamixel_workbench_toolbox:/home/srooney/Documents/rbe500/ros_500/install/dynamixel_sdk:/home/srooney/Documents/rbe500/ros_500/install/cmake_modules:${AMENT_PREFIX_PATH} CMAKE_PREFIX_PATH=/home/srooney/Documents/rbe500/ros_500/install/robotis_manipulator:/home/srooney/Documents/rbe500/ros_500/install/dynamixel_workbench_toolbox:/home/srooney/Documents/rbe500/ros_500/install/dynamixel_sdk:/home/srooney/Documents/rbe500/ros_500/install/cmake_modules:/opt/ros/humble LD_LIBRARY_PATH=/home/srooney/Documents/rbe500/ros_500/install/robotis_manipulator/lib:/home/srooney/Documents/rbe500/ros_500/install/dynamixel_workbench_toolbox/lib:/home/srooney/Documents/rbe500/ros_500/install/dynamixel_sdk/lib:${LD_LIBRARY_PATH} /usr/bin/cmake --build /home/srooney/Documents/rbe500/ros_500/build/open_manipulator_x_libs -- -j16 -l16
[0.114s] [35m[1mConsolidate compiler generated dependencies of target open_manipulator_x_libs[0m
[0.135s] [100%] Built target open_manipulator_x_libs
[0.218s] Invoked command in '/home/srooney/Documents/rbe500/ros_500/build/open_manipulator_x_libs' returned '0': AMENT_PREFIX_PATH=/home/srooney/Documents/rbe500/ros_500/install/robotis_manipulator:/home/srooney/Documents/rbe500/ros_500/install/dynamixel_workbench_toolbox:/home/srooney/Documents/rbe500/ros_500/install/dynamixel_sdk:/home/srooney/Documents/rbe500/ros_500/install/cmake_modules:${AMENT_PREFIX_PATH} CMAKE_PREFIX_PATH=/home/srooney/Documents/rbe500/ros_500/install/robotis_manipulator:/home/srooney/Documents/rbe500/ros_500/install/dynamixel_workbench_toolbox:/home/srooney/Documents/rbe500/ros_500/install/dynamixel_sdk:/home/srooney/Documents/rbe500/ros_500/install/cmake_modules:/opt/ros/humble LD_LIBRARY_PATH=/home/srooney/Documents/rbe500/ros_500/install/robotis_manipulator/lib:/home/srooney/Documents/rbe500/ros_500/install/dynamixel_workbench_toolbox/lib:/home/srooney/Documents/rbe500/ros_500/install/dynamixel_sdk/lib:${LD_LIBRARY_PATH} /usr/bin/cmake --build /home/srooney/Documents/rbe500/ros_500/build/open_manipulator_x_libs -- -j16 -l16
[0.324s] Invoking command in '/home/srooney/Documents/rbe500/ros_500/build/open_manipulator_x_libs': AMENT_PREFIX_PATH=/home/srooney/Documents/rbe500/ros_500/install/robotis_manipulator:/home/srooney/Documents/rbe500/ros_500/install/dynamixel_workbench_toolbox:/home/srooney/Documents/rbe500/ros_500/install/dynamixel_sdk:/home/srooney/Documents/rbe500/ros_500/install/cmake_modules:${AMENT_PREFIX_PATH} CMAKE_PREFIX_PATH=/home/srooney/Documents/rbe500/ros_500/install/robotis_manipulator:/home/srooney/Documents/rbe500/ros_500/install/dynamixel_workbench_toolbox:/home/srooney/Documents/rbe500/ros_500/install/dynamixel_sdk:/home/srooney/Documents/rbe500/ros_500/install/cmake_modules:/opt/ros/humble LD_LIBRARY_PATH=/home/srooney/Documents/rbe500/ros_500/install/robotis_manipulator/lib:/home/srooney/Documents/rbe500/ros_500/install/dynamixel_workbench_toolbox/lib:/home/srooney/Documents/rbe500/ros_500/install/dynamixel_sdk/lib:${LD_LIBRARY_PATH} /usr/bin/cmake --install /home/srooney/Documents/rbe500/ros_500/build/open_manipulator_x_libs
[0.329s] -- Install configuration: ""
[0.329s] -- Execute custom install script
[0.329s] -- Up-to-date symlink: /home/srooney/Documents/rbe500/ros_500/install/open_manipulator_x_libs/lib/libopen_manipulator_x_libs.so
[0.329s] -- Up-to-date symlink: /home/srooney/Documents/rbe500/ros_500/install/open_manipulator_x_libs/include//open_manipulator_x_libs/custom_trajectory.hpp
[0.329s] -- Up-to-date symlink: /home/srooney/Documents/rbe500/ros_500/install/open_manipulator_x_libs/include//open_manipulator_x_libs/dynamixel.hpp
[0.329s] -- Up-to-date symlink: /home/srooney/Documents/rbe500/ros_500/install/open_manipulator_x_libs/include//open_manipulator_x_libs/kinematics.hpp
[0.329s] -- Up-to-date symlink: /home/srooney/Documents/rbe500/ros_500/install/open_manipulator_x_libs/include//open_manipulator_x_libs/open_manipulator_x.hpp
[0.330s] -- Up-to-date symlink: /home/srooney/Documents/rbe500/ros_500/install/open_manipulator_x_libs/share/open_manipulator_x_libs/environment/library_path.sh
[0.330s] -- Up-to-date symlink: /home/srooney/Documents/rbe500/ros_500/install/open_manipulator_x_libs/share/open_manipulator_x_libs/environment/library_path.dsv
[0.330s] -- Up-to-date symlink: /home/srooney/Documents/rbe500/ros_500/install/open_manipulator_x_libs/share/ament_index/resource_index/package_run_dependencies/open_manipulator_x_libs
[0.330s] -- Up-to-date symlink: /home/srooney/Documents/rbe500/ros_500/install/open_manipulator_x_libs/share/ament_index/resource_index/parent_prefix_path/open_manipulator_x_libs
[0.330s] -- Up-to-date symlink: /home/srooney/Documents/rbe500/ros_500/install/open_manipulator_x_libs/share/open_manipulator_x_libs/environment/ament_prefix_path.sh
[0.330s] -- Up-to-date symlink: /home/srooney/Documents/rbe500/ros_500/install/open_manipulator_x_libs/share/open_manipulator_x_libs/environment/ament_prefix_path.dsv
[0.330s] -- Up-to-date symlink: /home/srooney/Documents/rbe500/ros_500/install/open_manipulator_x_libs/share/open_manipulator_x_libs/environment/path.sh
[0.330s] -- Up-to-date symlink: /home/srooney/Documents/rbe500/ros_500/install/open_manipulator_x_libs/share/open_manipulator_x_libs/environment/path.dsv
[0.330s] -- Up-to-date symlink: /home/srooney/Documents/rbe500/ros_500/install/open_manipulator_x_libs/share/open_manipulator_x_libs/local_setup.bash
[0.331s] -- Up-to-date symlink: /home/srooney/Documents/rbe500/ros_500/install/open_manipulator_x_libs/share/open_manipulator_x_libs/local_setup.sh
[0.331s] -- Up-to-date symlink: /home/srooney/Documents/rbe500/ros_500/install/open_manipulator_x_libs/share/open_manipulator_x_libs/local_setup.zsh
[0.331s] -- Up-to-date symlink: /home/srooney/Documents/rbe500/ros_500/install/open_manipulator_x_libs/share/open_manipulator_x_libs/local_setup.dsv
[0.331s] -- Symlinking: /home/srooney/Documents/rbe500/ros_500/install/open_manipulator_x_libs/share/open_manipulator_x_libs/package.dsv
[0.337s] -- Up-to-date symlink: /home/srooney/Documents/rbe500/ros_500/install/open_manipulator_x_libs/share/ament_index/resource_index/packages/open_manipulator_x_libs
[0.337s] -- Up-to-date symlink: /home/srooney/Documents/rbe500/ros_500/install/open_manipulator_x_libs/share/open_manipulator_x_libs/cmake/ament_cmake_export_include_directories-extras.cmake
[0.337s] -- Up-to-date symlink: /home/srooney/Documents/rbe500/ros_500/install/open_manipulator_x_libs/share/open_manipulator_x_libs/cmake/ament_cmake_export_dependencies-extras.cmake
[0.337s] -- Up-to-date symlink: /home/srooney/Documents/rbe500/ros_500/install/open_manipulator_x_libs/share/open_manipulator_x_libs/cmake/ament_cmake_export_libraries-extras.cmake
[0.337s] -- Up-to-date symlink: /home/srooney/Documents/rbe500/ros_500/install/open_manipulator_x_libs/share/open_manipulator_x_libs/cmake/open_manipulator_x_libsConfig.cmake
[0.338s] -- Up-to-date symlink: /home/srooney/Documents/rbe500/ros_500/install/open_manipulator_x_libs/share/open_manipulator_x_libs/cmake/open_manipulator_x_libsConfig-version.cmake
[0.338s] -- Up-to-date symlink: /home/srooney/Documents/rbe500/ros_500/install/open_manipulator_x_libs/share/open_manipulator_x_libs/package.xml
[0.340s] Invoked command in '/home/srooney/Documents/rbe500/ros_500/build/open_manipulator_x_libs' returned '0': AMENT_PREFIX_PATH=/home/srooney/Documents/rbe500/ros_500/install/robotis_manipulator:/home/srooney/Documents/rbe500/ros_500/install/dynamixel_workbench_toolbox:/home/srooney/Documents/rbe500/ros_500/install/dynamixel_sdk:/home/srooney/Documents/rbe500/ros_500/install/cmake_modules:${AMENT_PREFIX_PATH} CMAKE_PREFIX_PATH=/home/srooney/Documents/rbe500/ros_500/install/robotis_manipulator:/home/srooney/Documents/rbe500/ros_500/install/dynamixel_workbench_toolbox:/home/srooney/Documents/rbe500/ros_500/install/dynamixel_sdk:/home/srooney/Documents/rbe500/ros_500/install/cmake_modules:/opt/ros/humble LD_LIBRARY_PATH=/home/srooney/Documents/rbe500/ros_500/install/robotis_manipulator/lib:/home/srooney/Documents/rbe500/ros_500/install/dynamixel_workbench_toolbox/lib:/home/srooney/Documents/rbe500/ros_500/install/dynamixel_sdk/lib:${LD_LIBRARY_PATH} /usr/bin/cmake --install /home/srooney/Documents/rbe500/ros_500/build/open_manipulator_x_libs
