[0.143s] Invoking command in '/home/srooney/Documents/rbe500/ros_500/build/cmake_modules': CMAKE_PREFIX_PATH=/opt/ros/humble /usr/bin/cmake /home/srooney/Documents/rbe500/ros_500/src/open_manipulator_dependencies/cmake_modules -DAMENT_CMAKE_SYMLINK_INSTALL=1 -DCMAKE_INSTALL_PREFIX=/home/srooney/Documents/rbe500/ros_500/install/cmake_modules
[0.207s] -- The C compiler identification is GNU 11.4.0
[0.258s] -- The CXX compiler identification is GNU 11.4.0
[0.263s] -- Detecting C compiler ABI info
[0.313s] -- Detecting C compiler ABI info - done
[0.323s] -- Check for working C compiler: /usr/bin/cc - skipped
[0.323s] -- Detecting C compile features
[0.323s] -- Detecting C compile features - done
[0.327s] -- Detecting CXX compiler ABI info
[0.392s] -- Detecting CXX compiler ABI info - done
[0.399s] -- Check for working CXX compiler: /usr/bin/c++ - skipped
[0.399s] -- Detecting CXX compile features
[0.399s] -- Detecting CXX compile features - done
[0.401s] -- Found ament_cmake: 1.3.5 (/opt/ros/humble/share/ament_cmake/cmake)
[0.543s] -- Found Python3: /usr/bin/python3.10 (found version "3.10.12") found components: Interpreter 
[0.595s] -- Override CMake install command with custom implementation using symlinks instead of copying resources
[0.690s] -- Configuring done
[0.693s] -- Generating done
[0.693s] -- Build files have been written to: /home/srooney/Documents/rbe500/ros_500/build/cmake_modules
[0.697s] Invoked command in '/home/srooney/Documents/rbe500/ros_500/build/cmake_modules' returned '0': CMAKE_PREFIX_PATH=/opt/ros/humble /usr/bin/cmake /home/srooney/Documents/rbe500/ros_500/src/open_manipulator_dependencies/cmake_modules -DAMENT_CMAKE_SYMLINK_INSTALL=1 -DCMAKE_INSTALL_PREFIX=/home/srooney/Documents/rbe500/ros_500/install/cmake_modules
[0.698s] Invoking command in '/home/srooney/Documents/rbe500/ros_500/build/cmake_modules': CMAKE_PREFIX_PATH=/opt/ros/humble /usr/bin/cmake --build /home/srooney/Documents/rbe500/ros_500/build/cmake_modules -- -j16 -l16
[0.741s] Invoked command in '/home/srooney/Documents/rbe500/ros_500/build/cmake_modules' returned '0': CMAKE_PREFIX_PATH=/opt/ros/humble /usr/bin/cmake --build /home/srooney/Documents/rbe500/ros_500/build/cmake_modules -- -j16 -l16
[0.770s] Invoking command in '/home/srooney/Documents/rbe500/ros_500/build/cmake_modules': CMAKE_PREFIX_PATH=/opt/ros/humble /usr/bin/cmake --install /home/srooney/Documents/rbe500/ros_500/build/cmake_modules
[0.777s] -- Install configuration: ""
[0.778s] -- Execute custom install script
[0.779s] -- Symlinking: /home/srooney/Documents/rbe500/ros_500/install/cmake_modules/share/cmake_modules/cmake/Modules/FindGSL.cmake
[0.788s] -- Symlinking: /home/srooney/Documents/rbe500/ros_500/install/cmake_modules/share/cmake_modules/cmake/Modules/FindGflags.cmake
[0.799s] -- Symlinking: /home/srooney/Documents/rbe500/ros_500/install/cmake_modules/share/cmake_modules/cmake/Modules/FindNUMPY.cmake
[0.810s] -- Symlinking: /home/srooney/Documents/rbe500/ros_500/install/cmake_modules/share/cmake_modules/cmake/Modules/FindPoco.cmake
[0.817s] -- Symlinking: /home/srooney/Documents/rbe500/ros_500/install/cmake_modules/share/cmake_modules/cmake/Modules/FindTBB.cmake
[0.825s] -- Symlinking: /home/srooney/Documents/rbe500/ros_500/install/cmake_modules/share/cmake_modules/cmake/Modules/FindTinyXML.cmake
[0.833s] -- Symlinking: /home/srooney/Documents/rbe500/ros_500/install/cmake_modules/share/cmake_modules/cmake/Modules/FindTinyXML2.cmake
[0.843s] -- Symlinking: /home/srooney/Documents/rbe500/ros_500/install/cmake_modules/share/cmake_modules/cmake/Modules/FindUUID.cmake
[0.853s] -- Symlinking: /home/srooney/Documents/rbe500/ros_500/install/cmake_modules/share/cmake_modules/cmake/Modules/FindXenomai.cmake
[0.863s] -- Symlinking: /home/srooney/Documents/rbe500/ros_500/install/cmake_modules/share/ament_index/resource_index/package_run_dependencies/cmake_modules
[0.873s] -- Symlinking: /home/srooney/Documents/rbe500/ros_500/install/cmake_modules/share/ament_index/resource_index/parent_prefix_path/cmake_modules
[0.881s] -- Symlinking: /home/srooney/Documents/rbe500/ros_500/install/cmake_modules/share/cmake_modules/environment/ament_prefix_path.sh
[0.890s] -- Symlinking: /home/srooney/Documents/rbe500/ros_500/install/cmake_modules/share/cmake_modules/environment/ament_prefix_path.dsv
[0.898s] -- Symlinking: /home/srooney/Documents/rbe500/ros_500/install/cmake_modules/share/cmake_modules/environment/path.sh
[0.906s] -- Symlinking: /home/srooney/Documents/rbe500/ros_500/install/cmake_modules/share/cmake_modules/environment/path.dsv
[0.915s] -- Symlinking: /home/srooney/Documents/rbe500/ros_500/install/cmake_modules/share/cmake_modules/local_setup.bash
[0.924s] -- Symlinking: /home/srooney/Documents/rbe500/ros_500/install/cmake_modules/share/cmake_modules/local_setup.sh
[0.932s] -- Symlinking: /home/srooney/Documents/rbe500/ros_500/install/cmake_modules/share/cmake_modules/local_setup.zsh
[0.943s] -- Symlinking: /home/srooney/Documents/rbe500/ros_500/install/cmake_modules/share/cmake_modules/local_setup.dsv
[0.952s] -- Symlinking: /home/srooney/Documents/rbe500/ros_500/install/cmake_modules/share/cmake_modules/package.dsv
[0.960s] -- Symlinking: /home/srooney/Documents/rbe500/ros_500/install/cmake_modules/share/ament_index/resource_index/packages/cmake_modules
[0.968s] -- Symlinking: /home/srooney/Documents/rbe500/ros_500/install/cmake_modules/share/cmake_modules/cmake/cmake_modules-extras.cmake
[0.975s] -- Symlinking: /home/srooney/Documents/rbe500/ros_500/install/cmake_modules/share/cmake_modules/cmake/ament_cmake_export_dependencies-extras.cmake
[0.985s] -- Symlinking: /home/srooney/Documents/rbe500/ros_500/install/cmake_modules/share/cmake_modules/cmake/cmake_modulesConfig.cmake
[0.993s] -- Symlinking: /home/srooney/Documents/rbe500/ros_500/install/cmake_modules/share/cmake_modules/cmake/cmake_modulesConfig-version.cmake
[1.001s] -- Symlinking: /home/srooney/Documents/rbe500/ros_500/install/cmake_modules/share/cmake_modules/package.xml
[1.064s] Invoked command in '/home/srooney/Documents/rbe500/ros_500/build/cmake_modules' returned '0': CMAKE_PREFIX_PATH=/opt/ros/humble /usr/bin/cmake --install /home/srooney/Documents/rbe500/ros_500/build/cmake_modules
