[0.114s] Invoking command in '/home/srooney/Documents/rbe500/ros_500/build/open_manipulator_msgs': CMAKE_PREFIX_PATH=/opt/ros/humble /usr/bin/cmake /home/srooney/Documents/rbe500/ros_500/src/open_manipulator_msgs -DAMENT_CMAKE_SYMLINK_INSTALL=1 -DCMAKE_INSTALL_PREFIX=/home/srooney/Documents/rbe500/ros_500/install/open_manipulator_msgs
[0.153s] -- The C compiler identification is GNU 11.4.0
[0.199s] -- The CXX compiler identification is GNU 11.4.0
[0.205s] -- Detecting C compiler ABI info
[0.256s] -- Detecting C compiler ABI info - done
[0.263s] -- Check for working C compiler: /usr/bin/cc - skipped
[0.263s] -- Detecting C compile features
[0.263s] -- Detecting C compile features - done
[0.267s] -- Detecting CXX compiler ABI info
[0.334s] -- Detecting CXX compiler ABI info - done
[0.341s] -- Check for working CXX compiler: /usr/bin/c++ - skipped
[0.341s] -- Detecting CXX compile features
[0.341s] -- Detecting CXX compile features - done
[0.343s] -- Found ament_cmake: 1.3.5 (/opt/ros/humble/share/ament_cmake/cmake)
[0.483s] -- Found Python3: /usr/bin/python3.10 (found version "3.10.12") found components: Interpreter 
[0.538s] -- Override CMake install command with custom implementation using symlinks instead of copying resources
[0.555s] -- Found geometry_msgs: 4.2.3 (/opt/ros/humble/share/geometry_msgs/cmake)
[0.583s] -- Found rosidl_generator_c: 3.1.5 (/opt/ros/humble/share/rosidl_generator_c/cmake)
[0.587s] -- Found rosidl_adapter: 3.1.5 (/opt/ros/humble/share/rosidl_adapter/cmake)
[0.593s] -- Found rosidl_generator_cpp: 3.1.5 (/opt/ros/humble/share/rosidl_generator_cpp/cmake)
[0.604s] -- Using all available rosidl_typesupport_c: rosidl_typesupport_fastrtps_c;rosidl_typesupport_introspection_c
[0.619s] -- Using all available rosidl_typesupport_cpp: rosidl_typesupport_fastrtps_cpp;rosidl_typesupport_introspection_cpp
[0.742s] -- Found rosidl_default_generators: 1.2.0 (/opt/ros/humble/share/rosidl_default_generators/cmake)
[1.139s] -- Found ament_cmake_cppcheck: 0.12.8 (/opt/ros/humble/share/ament_cmake_cppcheck/cmake)
[1.140s] -- Found ament_cmake_cpplint: 0.12.8 (/opt/ros/humble/share/ament_cmake_cpplint/cmake)
[1.142s] -- Found ament_cmake_uncrustify: 0.12.8 (/opt/ros/humble/share/ament_cmake_uncrustify/cmake)
[1.144s] -- Found ament_cmake_ros: 0.10.0 (/opt/ros/humble/share/ament_cmake_ros/cmake)
[1.496s] -- Using all available rosidl_typesupport_c: rosidl_typesupport_fastrtps_c;rosidl_typesupport_introspection_c
[1.644s] -- Using all available rosidl_typesupport_cpp: rosidl_typesupport_fastrtps_cpp;rosidl_typesupport_introspection_cpp
[1.663s] -- Found PythonInterp: /usr/bin/python3 (found suitable version "3.10.12", minimum required is "3.6") 
[1.664s] -- Found python_cmake_module: 0.10.0 (/opt/ros/humble/share/python_cmake_module/cmake)
[1.683s] -- Found PythonLibs: /usr/lib/x86_64-linux-gnu/libpython3.10.so (found suitable version "3.10.12", minimum required is "3.5") 
[1.684s] -- Using PYTHON_EXECUTABLE: /usr/bin/python3
[1.684s] -- Using PYTHON_INCLUDE_DIRS: /usr/include/python3.10
[1.684s] -- Using PYTHON_LIBRARIES: /usr/lib/x86_64-linux-gnu/libpython3.10.so
[1.700s] -- Found PythonExtra: .so  
[1.755s] -- Found ament_cmake_flake8: 0.12.8 (/opt/ros/humble/share/ament_cmake_flake8/cmake)
[1.757s] -- Found ament_cmake_pep257: 0.12.8 (/opt/ros/humble/share/ament_cmake_pep257/cmake)
[1.769s] -- Configuring done
[1.820s] -- Generating done
[1.822s] -- Build files have been written to: /home/srooney/Documents/rbe500/ros_500/build/open_manipulator_msgs
[1.838s] Invoked command in '/home/srooney/Documents/rbe500/ros_500/build/open_manipulator_msgs' returned '0': CMAKE_PREFIX_PATH=/opt/ros/humble /usr/bin/cmake /home/srooney/Documents/rbe500/ros_500/src/open_manipulator_msgs -DAMENT_CMAKE_SYMLINK_INSTALL=1 -DCMAKE_INSTALL_PREFIX=/home/srooney/Documents/rbe500/ros_500/install/open_manipulator_msgs
[1.840s] Invoking command in '/home/srooney/Documents/rbe500/ros_500/build/open_manipulator_msgs': CMAKE_PREFIX_PATH=/opt/ros/humble /usr/bin/cmake --build /home/srooney/Documents/rbe500/ros_500/build/open_manipulator_msgs -- -j16 -l16
[1.879s] [  1%] [34m[1mGenerating C code for ROS interfaces[0m
[1.886s] [  2%] [34m[1mGenerating C++ code for ROS interfaces[0m
[1.895s] [  2%] Built target ament_cmake_python_symlink_open_manipulator_msgs
[2.140s] running egg_info
[2.141s] creating open_manipulator_msgs.egg-info
[2.141s] writing open_manipulator_msgs.egg-info/PKG-INFO
[2.142s] writing dependency_links to open_manipulator_msgs.egg-info/dependency_links.txt
[2.142s] writing top-level names to open_manipulator_msgs.egg-info/top_level.txt
[2.143s] writing manifest file 'open_manipulator_msgs.egg-info/SOURCES.txt'
[2.146s] reading manifest file 'open_manipulator_msgs.egg-info/SOURCES.txt'
[2.147s] writing manifest file 'open_manipulator_msgs.egg-info/SOURCES.txt'
[2.212s] [  2%] Built target ament_cmake_python_build_open_manipulator_msgs_egg
[2.915s] [  2%] Built target open_manipulator_msgs__cpp
[2.925s] [  5%] [34m[1mGenerating C++ introspection for ROS interfaces[0m
[2.925s] [  5%] [34m[1mGenerating C++ type support for eProsima Fast-RTPS[0m
[2.925s] [  5%] [34m[1mGenerating C++ type support dispatch for ROS interfaces[0m
[3.061s] [  6%] [32mBuilding C object CMakeFiles/open_manipulator_msgs__rosidl_generator_c.dir/rosidl_generator_c/open_manipulator_msgs/msg/detail/joint_position__functions.c.o[0m
[3.062s] [  7%] [32mBuilding C object CMakeFiles/open_manipulator_msgs__rosidl_generator_c.dir/rosidl_generator_c/open_manipulator_msgs/msg/detail/open_manipulator_state__functions.c.o[0m
[3.064s] [  8%] [32mBuilding C object CMakeFiles/open_manipulator_msgs__rosidl_generator_c.dir/rosidl_generator_c/open_manipulator_msgs/srv/detail/set_joint_position__functions.c.o[0m
[3.065s] [  9%] [32mBuilding C object CMakeFiles/open_manipulator_msgs__rosidl_generator_c.dir/rosidl_generator_c/open_manipulator_msgs/srv/detail/get_joint_position__functions.c.o[0m
[3.067s] [ 10%] [32mBuilding C object CMakeFiles/open_manipulator_msgs__rosidl_generator_c.dir/rosidl_generator_c/open_manipulator_msgs/srv/detail/get_kinematics_pose__functions.c.o[0m
[3.068s] [ 11%] [32mBuilding C object CMakeFiles/open_manipulator_msgs__rosidl_generator_c.dir/rosidl_generator_c/open_manipulator_msgs/msg/detail/kinematics_pose__functions.c.o[0m
[3.077s] [ 12%] [32mBuilding C object CMakeFiles/open_manipulator_msgs__rosidl_generator_c.dir/rosidl_generator_c/open_manipulator_msgs/srv/detail/set_drawing_trajectory__functions.c.o[0m
[3.077s] [ 13%] [32mBuilding C object CMakeFiles/open_manipulator_msgs__rosidl_generator_c.dir/rosidl_generator_c/open_manipulator_msgs/srv/detail/set_kinematics_pose__functions.c.o[0m
[3.084s] [ 14%] [32mBuilding C object CMakeFiles/open_manipulator_msgs__rosidl_generator_c.dir/rosidl_generator_c/open_manipulator_msgs/srv/detail/set_actuator_state__functions.c.o[0m
[3.188s] [ 15%] [32m[1mLinking C shared library libopen_manipulator_msgs__rosidl_generator_c.so[0m
[3.235s] [ 15%] Built target open_manipulator_msgs__rosidl_generator_c
[3.245s] [ 16%] [34m[1mGenerating C introspection for ROS interfaces[0m
[3.245s] [ 17%] [34m[1mGenerating C type support for eProsima Fast-RTPS[0m
[3.245s] [ 18%] [34m[1mGenerating C type support dispatch for ROS interfaces[0m
[3.551s] [ 21%] [32mBuilding CXX object CMakeFiles/open_manipulator_msgs__rosidl_typesupport_cpp.dir/rosidl_typesupport_cpp/open_manipulator_msgs/msg/kinematics_pose__type_support.cpp.o[0m
[3.551s] [ 21%] [32mBuilding CXX object CMakeFiles/open_manipulator_msgs__rosidl_typesupport_cpp.dir/rosidl_typesupport_cpp/open_manipulator_msgs/msg/open_manipulator_state__type_support.cpp.o[0m
[3.555s] [ 22%] [32mBuilding CXX object CMakeFiles/open_manipulator_msgs__rosidl_typesupport_cpp.dir/rosidl_typesupport_cpp/open_manipulator_msgs/msg/joint_position__type_support.cpp.o[0m
[3.559s] [ 23%] [32mBuilding CXX object CMakeFiles/open_manipulator_msgs__rosidl_typesupport_cpp.dir/rosidl_typesupport_cpp/open_manipulator_msgs/srv/get_joint_position__type_support.cpp.o[0m
[3.563s] [ 24%] [32mBuilding CXX object CMakeFiles/open_manipulator_msgs__rosidl_typesupport_cpp.dir/rosidl_typesupport_cpp/open_manipulator_msgs/srv/get_kinematics_pose__type_support.cpp.o[0m
[3.564s] [ 25%] [32mBuilding CXX object CMakeFiles/open_manipulator_msgs__rosidl_typesupport_cpp.dir/rosidl_typesupport_cpp/open_manipulator_msgs/srv/set_joint_position__type_support.cpp.o[0m
[3.572s] [ 26%] [32mBuilding CXX object CMakeFiles/open_manipulator_msgs__rosidl_typesupport_cpp.dir/rosidl_typesupport_cpp/open_manipulator_msgs/srv/set_kinematics_pose__type_support.cpp.o[0m
[3.641s] [ 27%] [32mBuilding CXX object CMakeFiles/open_manipulator_msgs__rosidl_typesupport_cpp.dir/rosidl_typesupport_cpp/open_manipulator_msgs/srv/set_drawing_trajectory__type_support.cpp.o[0m
[3.642s] [ 28%] [32mBuilding CXX object CMakeFiles/open_manipulator_msgs__rosidl_typesupport_cpp.dir/rosidl_typesupport_cpp/open_manipulator_msgs/srv/set_actuator_state__type_support.cpp.o[0m
[4.135s] [ 29%] [32mBuilding CXX object CMakeFiles/open_manipulator_msgs__rosidl_typesupport_fastrtps_cpp.dir/rosidl_typesupport_fastrtps_cpp/open_manipulator_msgs/msg/detail/dds_fastrtps/joint_position__type_support.cpp.o[0m
[4.142s] [ 30%] [32mBuilding CXX object CMakeFiles/open_manipulator_msgs__rosidl_typesupport_fastrtps_cpp.dir/rosidl_typesupport_fastrtps_cpp/open_manipulator_msgs/msg/detail/dds_fastrtps/kinematics_pose__type_support.cpp.o[0m
[4.154s] [ 31%] [32mBuilding CXX object CMakeFiles/open_manipulator_msgs__rosidl_typesupport_c.dir/rosidl_typesupport_c/open_manipulator_msgs/msg/joint_position__type_support.cpp.o[0m
[4.155s] [ 32%] [32mBuilding CXX object CMakeFiles/open_manipulator_msgs__rosidl_typesupport_c.dir/rosidl_typesupport_c/open_manipulator_msgs/msg/kinematics_pose__type_support.cpp.o[0m
[4.159s] [ 34%] [32mBuilding CXX object CMakeFiles/open_manipulator_msgs__rosidl_typesupport_fastrtps_cpp.dir/rosidl_typesupport_fastrtps_cpp/open_manipulator_msgs/msg/detail/dds_fastrtps/open_manipulator_state__type_support.cpp.o[0m
[4.160s] [ 36%] [32mBuilding CXX object CMakeFiles/open_manipulator_msgs__rosidl_typesupport_introspection_cpp.dir/rosidl_typesupport_introspection_cpp/open_manipulator_msgs/msg/detail/joint_position__type_support.cpp.o[0m
[4.160s] [ 33%] [32mBuilding CXX object CMakeFiles/open_manipulator_msgs__rosidl_typesupport_fastrtps_cpp.dir/rosidl_typesupport_fastrtps_cpp/open_manipulator_msgs/srv/detail/dds_fastrtps/set_joint_position__type_support.cpp.o[0m
[4.160s] [ 35%] [32mBuilding CXX object CMakeFiles/open_manipulator_msgs__rosidl_typesupport_fastrtps_cpp.dir/rosidl_typesupport_fastrtps_cpp/open_manipulator_msgs/srv/detail/dds_fastrtps/set_kinematics_pose__type_support.cpp.o[0m
[4.164s] [ 37%] [32mBuilding CXX object CMakeFiles/open_manipulator_msgs__rosidl_typesupport_fastrtps_cpp.dir/rosidl_typesupport_fastrtps_cpp/open_manipulator_msgs/srv/detail/dds_fastrtps/get_kinematics_pose__type_support.cpp.o[0m
[4.165s] [ 38%] [32mBuilding CXX object CMakeFiles/open_manipulator_msgs__rosidl_typesupport_fastrtps_cpp.dir/rosidl_typesupport_fastrtps_cpp/open_manipulator_msgs/srv/detail/dds_fastrtps/get_joint_position__type_support.cpp.o[0m
[4.169s] [ 40%] [32mBuilding CXX object CMakeFiles/open_manipulator_msgs__rosidl_typesupport_c.dir/rosidl_typesupport_c/open_manipulator_msgs/msg/open_manipulator_state__type_support.cpp.o[0m
[4.173s] [ 41%] [32mBuilding CXX object CMakeFiles/open_manipulator_msgs__rosidl_typesupport_introspection_cpp.dir/rosidl_typesupport_introspection_cpp/open_manipulator_msgs/msg/detail/kinematics_pose__type_support.cpp.o[0m
[4.197s] [ 42%] [32mBuilding CXX object CMakeFiles/open_manipulator_msgs__rosidl_typesupport_fastrtps_cpp.dir/rosidl_typesupport_fastrtps_cpp/open_manipulator_msgs/srv/detail/dds_fastrtps/set_drawing_trajectory__type_support.cpp.o[0m
[4.214s] [ 43%] [32m[1mLinking CXX shared library libopen_manipulator_msgs__rosidl_typesupport_cpp.so[0m
[4.218s] [ 44%] [32mBuilding CXX object CMakeFiles/open_manipulator_msgs__rosidl_typesupport_c.dir/rosidl_typesupport_c/open_manipulator_msgs/srv/get_joint_position__type_support.cpp.o[0m
[4.234s] [ 45%] [32mBuilding CXX object CMakeFiles/open_manipulator_msgs__rosidl_typesupport_c.dir/rosidl_typesupport_c/open_manipulator_msgs/srv/get_kinematics_pose__type_support.cpp.o[0m
[4.301s] [ 46%] [32mBuilding CXX object CMakeFiles/open_manipulator_msgs__rosidl_typesupport_c.dir/rosidl_typesupport_c/open_manipulator_msgs/srv/set_joint_position__type_support.cpp.o[0m
[4.343s] [ 47%] [32mBuilding CXX object CMakeFiles/open_manipulator_msgs__rosidl_typesupport_fastrtps_cpp.dir/rosidl_typesupport_fastrtps_cpp/open_manipulator_msgs/srv/detail/dds_fastrtps/set_actuator_state__type_support.cpp.o[0m
[4.352s] [ 48%] [32mBuilding CXX object CMakeFiles/open_manipulator_msgs__rosidl_typesupport_c.dir/rosidl_typesupport_c/open_manipulator_msgs/srv/set_kinematics_pose__type_support.cpp.o[0m
[4.355s] [ 48%] Built target open_manipulator_msgs__rosidl_typesupport_cpp
[4.439s] [ 49%] [32mBuilding CXX object CMakeFiles/open_manipulator_msgs__rosidl_typesupport_c.dir/rosidl_typesupport_c/open_manipulator_msgs/srv/set_drawing_trajectory__type_support.cpp.o[0m
[4.444s] [ 50%] [32mBuilding CXX object CMakeFiles/open_manipulator_msgs__rosidl_typesupport_introspection_cpp.dir/rosidl_typesupport_introspection_cpp/open_manipulator_msgs/msg/detail/open_manipulator_state__type_support.cpp.o[0m
[4.553s] [ 51%] [32mBuilding CXX object CMakeFiles/open_manipulator_msgs__rosidl_typesupport_introspection_cpp.dir/rosidl_typesupport_introspection_cpp/open_manipulator_msgs/srv/detail/get_joint_position__type_support.cpp.o[0m
[4.564s] [ 52%] [32mBuilding CXX object CMakeFiles/open_manipulator_msgs__rosidl_typesupport_c.dir/rosidl_typesupport_c/open_manipulator_msgs/srv/set_actuator_state__type_support.cpp.o[0m
[4.723s] [ 53%] [32m[1mLinking CXX shared library libopen_manipulator_msgs__rosidl_typesupport_c.so[0m
[4.768s] [ 54%] [32mBuilding C object CMakeFiles/open_manipulator_msgs__rosidl_typesupport_introspection_c.dir/rosidl_typesupport_introspection_c/open_manipulator_msgs/msg/detail/joint_position__type_support.c.o[0m
[4.798s] [ 55%] [32mBuilding CXX object CMakeFiles/open_manipulator_msgs__rosidl_typesupport_introspection_cpp.dir/rosidl_typesupport_introspection_cpp/open_manipulator_msgs/srv/detail/set_joint_position__type_support.cpp.o[0m
[4.802s] [ 56%] [32mBuilding C object CMakeFiles/open_manipulator_msgs__rosidl_typesupport_introspection_c.dir/rosidl_typesupport_introspection_c/open_manipulator_msgs/msg/detail/kinematics_pose__type_support.c.o[0m
[4.809s] [ 57%] [32mBuilding CXX object CMakeFiles/open_manipulator_msgs__rosidl_typesupport_introspection_cpp.dir/rosidl_typesupport_introspection_cpp/open_manipulator_msgs/srv/detail/get_kinematics_pose__type_support.cpp.o[0m
[4.811s] [ 58%] [32mBuilding CXX object CMakeFiles/open_manipulator_msgs__rosidl_typesupport_introspection_cpp.dir/rosidl_typesupport_introspection_cpp/open_manipulator_msgs/srv/detail/set_kinematics_pose__type_support.cpp.o[0m
[4.834s] [ 60%] [32mBuilding C object CMakeFiles/open_manipulator_msgs__rosidl_typesupport_introspection_c.dir/rosidl_typesupport_introspection_c/open_manipulator_msgs/msg/detail/open_manipulator_state__type_support.c.o[0m
[4.858s] [ 61%] [32mBuilding C object CMakeFiles/open_manipulator_msgs__rosidl_typesupport_introspection_c.dir/rosidl_typesupport_introspection_c/open_manipulator_msgs/srv/detail/get_joint_position__type_support.c.o[0m
[4.888s] [ 62%] [32mBuilding CXX object CMakeFiles/open_manipulator_msgs__rosidl_typesupport_introspection_cpp.dir/rosidl_typesupport_introspection_cpp/open_manipulator_msgs/srv/detail/set_actuator_state__type_support.cpp.o[0m
[4.904s] [ 63%] [32mBuilding CXX object CMakeFiles/open_manipulator_msgs__rosidl_typesupport_introspection_cpp.dir/rosidl_typesupport_introspection_cpp/open_manipulator_msgs/srv/detail/set_drawing_trajectory__type_support.cpp.o[0m
[4.914s] [ 63%] Built target open_manipulator_msgs__rosidl_typesupport_c
[4.965s] [ 64%] [32mBuilding C object CMakeFiles/open_manipulator_msgs__rosidl_typesupport_introspection_c.dir/rosidl_typesupport_introspection_c/open_manipulator_msgs/srv/detail/get_kinematics_pose__type_support.c.o[0m
[4.966s] [ 65%] [32mBuilding C object CMakeFiles/open_manipulator_msgs__rosidl_typesupport_introspection_c.dir/rosidl_typesupport_introspection_c/open_manipulator_msgs/srv/detail/set_joint_position__type_support.c.o[0m
[5.010s] [ 66%] [32mBuilding C object CMakeFiles/open_manipulator_msgs__rosidl_typesupport_introspection_c.dir/rosidl_typesupport_introspection_c/open_manipulator_msgs/srv/detail/set_kinematics_pose__type_support.c.o[0m
[5.019s] [ 67%] [32mBuilding C object CMakeFiles/open_manipulator_msgs__rosidl_typesupport_introspection_c.dir/rosidl_typesupport_introspection_c/open_manipulator_msgs/srv/detail/set_drawing_trajectory__type_support.c.o[0m
[5.025s] [ 68%] [32mBuilding C object CMakeFiles/open_manipulator_msgs__rosidl_typesupport_introspection_c.dir/rosidl_typesupport_introspection_c/open_manipulator_msgs/srv/detail/set_actuator_state__type_support.c.o[0m
[5.066s] [ 69%] [32mBuilding CXX object CMakeFiles/open_manipulator_msgs__rosidl_typesupport_fastrtps_c.dir/rosidl_typesupport_fastrtps_c/open_manipulator_msgs/msg/detail/joint_position__type_support_c.cpp.o[0m
[5.075s] [ 70%] [32mBuilding CXX object CMakeFiles/open_manipulator_msgs__rosidl_typesupport_fastrtps_c.dir/rosidl_typesupport_fastrtps_c/open_manipulator_msgs/msg/detail/kinematics_pose__type_support_c.cpp.o[0m
[5.077s] [ 71%] [32mBuilding CXX object CMakeFiles/open_manipulator_msgs__rosidl_typesupport_fastrtps_c.dir/rosidl_typesupport_fastrtps_c/open_manipulator_msgs/msg/detail/open_manipulator_state__type_support_c.cpp.o[0m
[5.119s] [ 72%] [32mBuilding CXX object CMakeFiles/open_manipulator_msgs__rosidl_typesupport_fastrtps_c.dir/rosidl_typesupport_fastrtps_c/open_manipulator_msgs/srv/detail/get_joint_position__type_support_c.cpp.o[0m
[5.138s] [ 73%] [32mBuilding CXX object CMakeFiles/open_manipulator_msgs__rosidl_typesupport_fastrtps_c.dir/rosidl_typesupport_fastrtps_c/open_manipulator_msgs/srv/detail/get_kinematics_pose__type_support_c.cpp.o[0m
[5.143s] [ 75%] [32mBuilding CXX object CMakeFiles/open_manipulator_msgs__rosidl_typesupport_fastrtps_c.dir/rosidl_typesupport_fastrtps_c/open_manipulator_msgs/srv/detail/set_joint_position__type_support_c.cpp.o[0m
[5.143s] [ 75%] [32m[1mLinking C shared library libopen_manipulator_msgs__rosidl_typesupport_introspection_c.so[0m
[5.180s] [ 76%] [32mBuilding CXX object CMakeFiles/open_manipulator_msgs__rosidl_typesupport_fastrtps_c.dir/rosidl_typesupport_fastrtps_c/open_manipulator_msgs/srv/detail/set_kinematics_pose__type_support_c.cpp.o[0m
[5.187s] [ 77%] [32m[1mLinking CXX shared library libopen_manipulator_msgs__rosidl_typesupport_fastrtps_cpp.so[0m
[5.192s] [ 78%] [32mBuilding CXX object CMakeFiles/open_manipulator_msgs__rosidl_typesupport_fastrtps_c.dir/rosidl_typesupport_fastrtps_c/open_manipulator_msgs/srv/detail/set_actuator_state__type_support_c.cpp.o[0m
[5.200s] [ 80%] [32mBuilding CXX object CMakeFiles/open_manipulator_msgs__rosidl_typesupport_fastrtps_c.dir/rosidl_typesupport_fastrtps_c/open_manipulator_msgs/srv/detail/set_drawing_trajectory__type_support_c.cpp.o[0m
[5.266s] [ 80%] Built target open_manipulator_msgs__rosidl_typesupport_introspection_c
[5.511s] [ 80%] Built target open_manipulator_msgs__rosidl_typesupport_fastrtps_cpp
[5.624s] [ 81%] [32m[1mLinking CXX shared library libopen_manipulator_msgs__rosidl_typesupport_introspection_cpp.so[0m
[5.738s] [ 81%] Built target open_manipulator_msgs__rosidl_typesupport_introspection_cpp
[5.743s] [ 82%] [32m[1mLinking CXX shared library libopen_manipulator_msgs__rosidl_typesupport_fastrtps_c.so[0m
[5.843s] [ 82%] Built target open_manipulator_msgs__rosidl_typesupport_fastrtps_c
[5.861s] [ 82%] Built target open_manipulator_msgs
[5.875s] [ 83%] [34m[1mGenerating Python code for ROS interfaces[0m
[7.029s] [ 83%] Built target open_manipulator_msgs__py
[7.050s] [ 86%] [32mBuilding C object CMakeFiles/open_manipulator_msgs__rosidl_generator_py.dir/rosidl_generator_py/open_manipulator_msgs/srv/_get_kinematics_pose_s.c.o[0m
[7.050s] [ 86%] [32mBuilding C object CMakeFiles/open_manipulator_msgs__rosidl_generator_py.dir/rosidl_generator_py/open_manipulator_msgs/msg/_open_manipulator_state_s.c.o[0m
[7.050s] [ 86%] [32mBuilding C object CMakeFiles/open_manipulator_msgs__rosidl_generator_py.dir/rosidl_generator_py/open_manipulator_msgs/msg/_kinematics_pose_s.c.o[0m
[7.051s] [ 87%] [32mBuilding C object CMakeFiles/open_manipulator_msgs__rosidl_generator_py.dir/rosidl_generator_py/open_manipulator_msgs/srv/_set_drawing_trajectory_s.c.o[0m
[7.051s] [ 88%] [32mBuilding C object CMakeFiles/open_manipulator_msgs__rosidl_generator_py.dir/rosidl_generator_py/open_manipulator_msgs/srv/_get_joint_position_s.c.o[0m
[7.052s] [ 89%] [32mBuilding C object CMakeFiles/open_manipulator_msgs__rosidl_generator_py.dir/rosidl_generator_py/open_manipulator_msgs/srv/_set_kinematics_pose_s.c.o[0m
[7.052s] [ 90%] [32mBuilding C object CMakeFiles/open_manipulator_msgs__rosidl_generator_py.dir/rosidl_generator_py/open_manipulator_msgs/srv/_set_joint_position_s.c.o[0m
[7.052s] [ 91%] [32mBuilding C object CMakeFiles/open_manipulator_msgs__rosidl_generator_py.dir/rosidl_generator_py/open_manipulator_msgs/msg/_joint_position_s.c.o[0m
[7.054s] [ 92%] [32mBuilding C object CMakeFiles/open_manipulator_msgs__rosidl_generator_py.dir/rosidl_generator_py/open_manipulator_msgs/srv/_set_actuator_state_s.c.o[0m
[7.177s] [ 93%] [32m[1mLinking C shared library rosidl_generator_py/open_manipulator_msgs/libopen_manipulator_msgs__rosidl_generator_py.so[0m
[7.210s] [ 93%] Built target open_manipulator_msgs__rosidl_generator_py
[7.224s] [ 94%] [32mBuilding C object CMakeFiles/open_manipulator_msgs__rosidl_typesupport_fastrtps_c__pyext.dir/rosidl_generator_py/open_manipulator_msgs/_open_manipulator_msgs_s.ep.rosidl_typesupport_fastrtps_c.c.o[0m
[7.224s] [ 95%] [32mBuilding C object CMakeFiles/open_manipulator_msgs__rosidl_typesupport_c__pyext.dir/rosidl_generator_py/open_manipulator_msgs/_open_manipulator_msgs_s.ep.rosidl_typesupport_c.c.o[0m
[7.224s] [ 96%] [32mBuilding C object CMakeFiles/open_manipulator_msgs__rosidl_typesupport_introspection_c__pyext.dir/rosidl_generator_py/open_manipulator_msgs/_open_manipulator_msgs_s.ep.rosidl_typesupport_introspection_c.c.o[0m
[7.337s] [100%] [32m[1mLinking C shared library rosidl_generator_py/open_manipulator_msgs/open_manipulator_msgs_s__rosidl_typesupport_c.cpython-310-x86_64-linux-gnu.so[0m
[7.338s] [100%] [32m[1mLinking C shared library rosidl_generator_py/open_manipulator_msgs/open_manipulator_msgs_s__rosidl_typesupport_introspection_c.cpython-310-x86_64-linux-gnu.so[0m
[7.338s] [100%] [32m[1mLinking C shared library rosidl_generator_py/open_manipulator_msgs/open_manipulator_msgs_s__rosidl_typesupport_fastrtps_c.cpython-310-x86_64-linux-gnu.so[0m
[7.369s] [100%] Built target open_manipulator_msgs__rosidl_typesupport_c__pyext
[7.369s] [100%] Built target open_manipulator_msgs__rosidl_typesupport_fastrtps_c__pyext
[7.369s] [100%] Built target open_manipulator_msgs__rosidl_typesupport_introspection_c__pyext
[7.377s] Invoked command in '/home/srooney/Documents/rbe500/ros_500/build/open_manipulator_msgs' returned '0': CMAKE_PREFIX_PATH=/opt/ros/humble /usr/bin/cmake --build /home/srooney/Documents/rbe500/ros_500/build/open_manipulator_msgs -- -j16 -l16
[7.496s] Invoking command in '/home/srooney/Documents/rbe500/ros_500/build/open_manipulator_msgs': CMAKE_PREFIX_PATH=/opt/ros/humble /usr/bin/cmake --install /home/srooney/Documents/rbe500/ros_500/build/open_manipulator_msgs
[7.502s] -- Install configuration: ""
[7.502s] -- Execute custom install script
[7.502s] -- Symlinking: /home/srooney/Documents/rbe500/ros_500/install/open_manipulator_msgs/share/ament_index/resource_index/rosidl_interfaces/open_manipulator_msgs
[7.509s] -- Symlinking: /home/srooney/Documents/rbe500/ros_500/install/open_manipulator_msgs/include/open_manipulator_msgs/open_manipulator_msgs/msg/detail/joint_position__functions.h
[7.515s] -- Symlinking: /home/srooney/Documents/rbe500/ros_500/install/open_manipulator_msgs/include/open_manipulator_msgs/open_manipulator_msgs/msg/detail/joint_position__struct.h
[7.521s] -- Symlinking: /home/srooney/Documents/rbe500/ros_500/install/open_manipulator_msgs/include/open_manipulator_msgs/open_manipulator_msgs/msg/detail/joint_position__type_support.h
[7.527s] -- Symlinking: /home/srooney/Documents/rbe500/ros_500/install/open_manipulator_msgs/include/open_manipulator_msgs/open_manipulator_msgs/msg/detail/kinematics_pose__functions.h
[7.534s] -- Symlinking: /home/srooney/Documents/rbe500/ros_500/install/open_manipulator_msgs/include/open_manipulator_msgs/open_manipulator_msgs/msg/detail/kinematics_pose__struct.h
[7.540s] -- Symlinking: /home/srooney/Documents/rbe500/ros_500/install/open_manipulator_msgs/include/open_manipulator_msgs/open_manipulator_msgs/msg/detail/kinematics_pose__type_support.h
[7.546s] -- Symlinking: /home/srooney/Documents/rbe500/ros_500/install/open_manipulator_msgs/include/open_manipulator_msgs/open_manipulator_msgs/msg/detail/open_manipulator_state__functions.h
[7.552s] -- Symlinking: /home/srooney/Documents/rbe500/ros_500/install/open_manipulator_msgs/include/open_manipulator_msgs/open_manipulator_msgs/msg/detail/open_manipulator_state__struct.h
[7.558s] -- Symlinking: /home/srooney/Documents/rbe500/ros_500/install/open_manipulator_msgs/include/open_manipulator_msgs/open_manipulator_msgs/msg/detail/open_manipulator_state__type_support.h
[7.564s] -- Symlinking: /home/srooney/Documents/rbe500/ros_500/install/open_manipulator_msgs/include/open_manipulator_msgs/open_manipulator_msgs/msg/joint_position.h
[7.570s] -- Symlinking: /home/srooney/Documents/rbe500/ros_500/install/open_manipulator_msgs/include/open_manipulator_msgs/open_manipulator_msgs/msg/kinematics_pose.h
[7.576s] -- Symlinking: /home/srooney/Documents/rbe500/ros_500/install/open_manipulator_msgs/include/open_manipulator_msgs/open_manipulator_msgs/msg/open_manipulator_state.h
[7.582s] -- Symlinking: /home/srooney/Documents/rbe500/ros_500/install/open_manipulator_msgs/include/open_manipulator_msgs/open_manipulator_msgs/msg/rosidl_generator_c__visibility_control.h
[7.589s] -- Symlinking: /home/srooney/Documents/rbe500/ros_500/install/open_manipulator_msgs/include/open_manipulator_msgs/open_manipulator_msgs/srv/detail/get_joint_position__functions.h
[7.595s] -- Symlinking: /home/srooney/Documents/rbe500/ros_500/install/open_manipulator_msgs/include/open_manipulator_msgs/open_manipulator_msgs/srv/detail/get_joint_position__struct.h
[7.602s] -- Symlinking: /home/srooney/Documents/rbe500/ros_500/install/open_manipulator_msgs/include/open_manipulator_msgs/open_manipulator_msgs/srv/detail/get_joint_position__type_support.h
[7.608s] -- Symlinking: /home/srooney/Documents/rbe500/ros_500/install/open_manipulator_msgs/include/open_manipulator_msgs/open_manipulator_msgs/srv/detail/get_kinematics_pose__functions.h
[7.614s] -- Symlinking: /home/srooney/Documents/rbe500/ros_500/install/open_manipulator_msgs/include/open_manipulator_msgs/open_manipulator_msgs/srv/detail/get_kinematics_pose__struct.h
[7.620s] -- Symlinking: /home/srooney/Documents/rbe500/ros_500/install/open_manipulator_msgs/include/open_manipulator_msgs/open_manipulator_msgs/srv/detail/get_kinematics_pose__type_support.h
[7.626s] -- Symlinking: /home/srooney/Documents/rbe500/ros_500/install/open_manipulator_msgs/include/open_manipulator_msgs/open_manipulator_msgs/srv/detail/set_actuator_state__functions.h
[7.632s] -- Symlinking: /home/srooney/Documents/rbe500/ros_500/install/open_manipulator_msgs/include/open_manipulator_msgs/open_manipulator_msgs/srv/detail/set_actuator_state__struct.h
[7.638s] -- Symlinking: /home/srooney/Documents/rbe500/ros_500/install/open_manipulator_msgs/include/open_manipulator_msgs/open_manipulator_msgs/srv/detail/set_actuator_state__type_support.h
[7.645s] -- Symlinking: /home/srooney/Documents/rbe500/ros_500/install/open_manipulator_msgs/include/open_manipulator_msgs/open_manipulator_msgs/srv/detail/set_drawing_trajectory__functions.h
[7.651s] -- Symlinking: /home/srooney/Documents/rbe500/ros_500/install/open_manipulator_msgs/include/open_manipulator_msgs/open_manipulator_msgs/srv/detail/set_drawing_trajectory__struct.h
[7.657s] -- Symlinking: /home/srooney/Documents/rbe500/ros_500/install/open_manipulator_msgs/include/open_manipulator_msgs/open_manipulator_msgs/srv/detail/set_drawing_trajectory__type_support.h
[7.663s] -- Symlinking: /home/srooney/Documents/rbe500/ros_500/install/open_manipulator_msgs/include/open_manipulator_msgs/open_manipulator_msgs/srv/detail/set_joint_position__functions.h
[7.669s] -- Symlinking: /home/srooney/Documents/rbe500/ros_500/install/open_manipulator_msgs/include/open_manipulator_msgs/open_manipulator_msgs/srv/detail/set_joint_position__struct.h
[7.676s] -- Symlinking: /home/srooney/Documents/rbe500/ros_500/install/open_manipulator_msgs/include/open_manipulator_msgs/open_manipulator_msgs/srv/detail/set_joint_position__type_support.h
[7.682s] -- Symlinking: /home/srooney/Documents/rbe500/ros_500/install/open_manipulator_msgs/include/open_manipulator_msgs/open_manipulator_msgs/srv/detail/set_kinematics_pose__functions.h
[7.688s] -- Symlinking: /home/srooney/Documents/rbe500/ros_500/install/open_manipulator_msgs/include/open_manipulator_msgs/open_manipulator_msgs/srv/detail/set_kinematics_pose__struct.h
[7.694s] -- Symlinking: /home/srooney/Documents/rbe500/ros_500/install/open_manipulator_msgs/include/open_manipulator_msgs/open_manipulator_msgs/srv/detail/set_kinematics_pose__type_support.h
[7.700s] -- Symlinking: /home/srooney/Documents/rbe500/ros_500/install/open_manipulator_msgs/include/open_manipulator_msgs/open_manipulator_msgs/srv/get_joint_position.h
[7.705s] -- Symlinking: /home/srooney/Documents/rbe500/ros_500/install/open_manipulator_msgs/include/open_manipulator_msgs/open_manipulator_msgs/srv/get_kinematics_pose.h
[7.712s] -- Symlinking: /home/srooney/Documents/rbe500/ros_500/install/open_manipulator_msgs/include/open_manipulator_msgs/open_manipulator_msgs/srv/set_actuator_state.h
[7.718s] -- Symlinking: /home/srooney/Documents/rbe500/ros_500/install/open_manipulator_msgs/include/open_manipulator_msgs/open_manipulator_msgs/srv/set_drawing_trajectory.h
[7.725s] -- Symlinking: /home/srooney/Documents/rbe500/ros_500/install/open_manipulator_msgs/include/open_manipulator_msgs/open_manipulator_msgs/srv/set_joint_position.h
[7.731s] -- Symlinking: /home/srooney/Documents/rbe500/ros_500/install/open_manipulator_msgs/include/open_manipulator_msgs/open_manipulator_msgs/srv/set_kinematics_pose.h
[7.737s] -- Symlinking: /home/srooney/Documents/rbe500/ros_500/install/open_manipulator_msgs/share/open_manipulator_msgs/environment/library_path.sh
[7.744s] -- Symlinking: /home/srooney/Documents/rbe500/ros_500/install/open_manipulator_msgs/share/open_manipulator_msgs/environment/library_path.dsv
[7.750s] -- Symlinking: /home/srooney/Documents/rbe500/ros_500/install/open_manipulator_msgs/include/open_manipulator_msgs/open_manipulator_msgs/msg/detail/joint_position__rosidl_typesupport_fastrtps_c.h
[7.757s] -- Symlinking: /home/srooney/Documents/rbe500/ros_500/install/open_manipulator_msgs/include/open_manipulator_msgs/open_manipulator_msgs/msg/detail/kinematics_pose__rosidl_typesupport_fastrtps_c.h
[7.764s] -- Symlinking: /home/srooney/Documents/rbe500/ros_500/install/open_manipulator_msgs/include/open_manipulator_msgs/open_manipulator_msgs/msg/detail/open_manipulator_state__rosidl_typesupport_fastrtps_c.h
[7.770s] -- Symlinking: /home/srooney/Documents/rbe500/ros_500/install/open_manipulator_msgs/include/open_manipulator_msgs/open_manipulator_msgs/msg/rosidl_typesupport_fastrtps_c__visibility_control.h
[7.776s] -- Symlinking: /home/srooney/Documents/rbe500/ros_500/install/open_manipulator_msgs/include/open_manipulator_msgs/open_manipulator_msgs/srv/detail/get_joint_position__rosidl_typesupport_fastrtps_c.h
[7.782s] -- Symlinking: /home/srooney/Documents/rbe500/ros_500/install/open_manipulator_msgs/include/open_manipulator_msgs/open_manipulator_msgs/srv/detail/get_kinematics_pose__rosidl_typesupport_fastrtps_c.h
[7.789s] -- Symlinking: /home/srooney/Documents/rbe500/ros_500/install/open_manipulator_msgs/include/open_manipulator_msgs/open_manipulator_msgs/srv/detail/set_actuator_state__rosidl_typesupport_fastrtps_c.h
[7.795s] -- Symlinking: /home/srooney/Documents/rbe500/ros_500/install/open_manipulator_msgs/include/open_manipulator_msgs/open_manipulator_msgs/srv/detail/set_drawing_trajectory__rosidl_typesupport_fastrtps_c.h
[7.801s] -- Symlinking: /home/srooney/Documents/rbe500/ros_500/install/open_manipulator_msgs/include/open_manipulator_msgs/open_manipulator_msgs/srv/detail/set_joint_position__rosidl_typesupport_fastrtps_c.h
[7.808s] -- Symlinking: /home/srooney/Documents/rbe500/ros_500/install/open_manipulator_msgs/include/open_manipulator_msgs/open_manipulator_msgs/srv/detail/set_kinematics_pose__rosidl_typesupport_fastrtps_c.h
[7.814s] -- Symlinking: /home/srooney/Documents/rbe500/ros_500/install/open_manipulator_msgs/include/open_manipulator_msgs/open_manipulator_msgs/msg/detail/joint_position__builder.hpp
[7.821s] -- Symlinking: /home/srooney/Documents/rbe500/ros_500/install/open_manipulator_msgs/include/open_manipulator_msgs/open_manipulator_msgs/msg/detail/joint_position__struct.hpp
[7.827s] -- Symlinking: /home/srooney/Documents/rbe500/ros_500/install/open_manipulator_msgs/include/open_manipulator_msgs/open_manipulator_msgs/msg/detail/joint_position__traits.hpp
[7.833s] -- Symlinking: /home/srooney/Documents/rbe500/ros_500/install/open_manipulator_msgs/include/open_manipulator_msgs/open_manipulator_msgs/msg/detail/kinematics_pose__builder.hpp
[7.844s] -- Symlinking: /home/srooney/Documents/rbe500/ros_500/install/open_manipulator_msgs/include/open_manipulator_msgs/open_manipulator_msgs/msg/detail/kinematics_pose__struct.hpp
[7.853s] -- Symlinking: /home/srooney/Documents/rbe500/ros_500/install/open_manipulator_msgs/include/open_manipulator_msgs/open_manipulator_msgs/msg/detail/kinematics_pose__traits.hpp
[7.863s] -- Symlinking: /home/srooney/Documents/rbe500/ros_500/install/open_manipulator_msgs/include/open_manipulator_msgs/open_manipulator_msgs/msg/detail/open_manipulator_state__builder.hpp
[7.870s] -- Symlinking: /home/srooney/Documents/rbe500/ros_500/install/open_manipulator_msgs/include/open_manipulator_msgs/open_manipulator_msgs/msg/detail/open_manipulator_state__struct.hpp
[7.876s] -- Symlinking: /home/srooney/Documents/rbe500/ros_500/install/open_manipulator_msgs/include/open_manipulator_msgs/open_manipulator_msgs/msg/detail/open_manipulator_state__traits.hpp
[7.882s] -- Symlinking: /home/srooney/Documents/rbe500/ros_500/install/open_manipulator_msgs/include/open_manipulator_msgs/open_manipulator_msgs/msg/joint_position.hpp
[7.888s] -- Symlinking: /home/srooney/Documents/rbe500/ros_500/install/open_manipulator_msgs/include/open_manipulator_msgs/open_manipulator_msgs/msg/kinematics_pose.hpp
[7.894s] -- Symlinking: /home/srooney/Documents/rbe500/ros_500/install/open_manipulator_msgs/include/open_manipulator_msgs/open_manipulator_msgs/msg/open_manipulator_state.hpp
[7.900s] -- Symlinking: /home/srooney/Documents/rbe500/ros_500/install/open_manipulator_msgs/include/open_manipulator_msgs/open_manipulator_msgs/srv/detail/get_joint_position__builder.hpp
[7.905s] -- Symlinking: /home/srooney/Documents/rbe500/ros_500/install/open_manipulator_msgs/include/open_manipulator_msgs/open_manipulator_msgs/srv/detail/get_joint_position__struct.hpp
[7.912s] -- Symlinking: /home/srooney/Documents/rbe500/ros_500/install/open_manipulator_msgs/include/open_manipulator_msgs/open_manipulator_msgs/srv/detail/get_joint_position__traits.hpp
[7.922s] -- Symlinking: /home/srooney/Documents/rbe500/ros_500/install/open_manipulator_msgs/include/open_manipulator_msgs/open_manipulator_msgs/srv/detail/get_kinematics_pose__builder.hpp
[7.932s] -- Symlinking: /home/srooney/Documents/rbe500/ros_500/install/open_manipulator_msgs/include/open_manipulator_msgs/open_manipulator_msgs/srv/detail/get_kinematics_pose__struct.hpp
[7.939s] -- Symlinking: /home/srooney/Documents/rbe500/ros_500/install/open_manipulator_msgs/include/open_manipulator_msgs/open_manipulator_msgs/srv/detail/get_kinematics_pose__traits.hpp
[7.946s] -- Symlinking: /home/srooney/Documents/rbe500/ros_500/install/open_manipulator_msgs/include/open_manipulator_msgs/open_manipulator_msgs/srv/detail/set_actuator_state__builder.hpp
[7.956s] -- Symlinking: /home/srooney/Documents/rbe500/ros_500/install/open_manipulator_msgs/include/open_manipulator_msgs/open_manipulator_msgs/srv/detail/set_actuator_state__struct.hpp
[7.966s] -- Symlinking: /home/srooney/Documents/rbe500/ros_500/install/open_manipulator_msgs/include/open_manipulator_msgs/open_manipulator_msgs/srv/detail/set_actuator_state__traits.hpp
[7.976s] -- Symlinking: /home/srooney/Documents/rbe500/ros_500/install/open_manipulator_msgs/include/open_manipulator_msgs/open_manipulator_msgs/srv/detail/set_drawing_trajectory__builder.hpp
[7.986s] -- Symlinking: /home/srooney/Documents/rbe500/ros_500/install/open_manipulator_msgs/include/open_manipulator_msgs/open_manipulator_msgs/srv/detail/set_drawing_trajectory__struct.hpp
[7.992s] -- Symlinking: /home/srooney/Documents/rbe500/ros_500/install/open_manipulator_msgs/include/open_manipulator_msgs/open_manipulator_msgs/srv/detail/set_drawing_trajectory__traits.hpp
[8.002s] -- Symlinking: /home/srooney/Documents/rbe500/ros_500/install/open_manipulator_msgs/include/open_manipulator_msgs/open_manipulator_msgs/srv/detail/set_joint_position__builder.hpp
[8.008s] -- Symlinking: /home/srooney/Documents/rbe500/ros_500/install/open_manipulator_msgs/include/open_manipulator_msgs/open_manipulator_msgs/srv/detail/set_joint_position__struct.hpp
[8.018s] -- Symlinking: /home/srooney/Documents/rbe500/ros_500/install/open_manipulator_msgs/include/open_manipulator_msgs/open_manipulator_msgs/srv/detail/set_joint_position__traits.hpp
[8.029s] -- Symlinking: /home/srooney/Documents/rbe500/ros_500/install/open_manipulator_msgs/include/open_manipulator_msgs/open_manipulator_msgs/srv/detail/set_kinematics_pose__builder.hpp
[8.035s] -- Symlinking: /home/srooney/Documents/rbe500/ros_500/install/open_manipulator_msgs/include/open_manipulator_msgs/open_manipulator_msgs/srv/detail/set_kinematics_pose__struct.hpp
[8.046s] -- Symlinking: /home/srooney/Documents/rbe500/ros_500/install/open_manipulator_msgs/include/open_manipulator_msgs/open_manipulator_msgs/srv/detail/set_kinematics_pose__traits.hpp
[8.056s] -- Symlinking: /home/srooney/Documents/rbe500/ros_500/install/open_manipulator_msgs/include/open_manipulator_msgs/open_manipulator_msgs/srv/get_joint_position.hpp
[8.066s] -- Symlinking: /home/srooney/Documents/rbe500/ros_500/install/open_manipulator_msgs/include/open_manipulator_msgs/open_manipulator_msgs/srv/get_kinematics_pose.hpp
[8.073s] -- Symlinking: /home/srooney/Documents/rbe500/ros_500/install/open_manipulator_msgs/include/open_manipulator_msgs/open_manipulator_msgs/srv/set_actuator_state.hpp
[8.083s] -- Symlinking: /home/srooney/Documents/rbe500/ros_500/install/open_manipulator_msgs/include/open_manipulator_msgs/open_manipulator_msgs/srv/set_drawing_trajectory.hpp
[8.092s] -- Symlinking: /home/srooney/Documents/rbe500/ros_500/install/open_manipulator_msgs/include/open_manipulator_msgs/open_manipulator_msgs/srv/set_joint_position.hpp
[8.102s] -- Symlinking: /home/srooney/Documents/rbe500/ros_500/install/open_manipulator_msgs/include/open_manipulator_msgs/open_manipulator_msgs/srv/set_kinematics_pose.hpp
[8.114s] -- Symlinking: /home/srooney/Documents/rbe500/ros_500/install/open_manipulator_msgs/include/open_manipulator_msgs/open_manipulator_msgs/msg/detail/joint_position__rosidl_typesupport_fastrtps_cpp.hpp
[8.124s] -- Symlinking: /home/srooney/Documents/rbe500/ros_500/install/open_manipulator_msgs/include/open_manipulator_msgs/open_manipulator_msgs/msg/detail/kinematics_pose__rosidl_typesupport_fastrtps_cpp.hpp
[8.134s] -- Symlinking: /home/srooney/Documents/rbe500/ros_500/install/open_manipulator_msgs/include/open_manipulator_msgs/open_manipulator_msgs/msg/detail/open_manipulator_state__rosidl_typesupport_fastrtps_cpp.hpp
[8.144s] -- Symlinking: /home/srooney/Documents/rbe500/ros_500/install/open_manipulator_msgs/include/open_manipulator_msgs/open_manipulator_msgs/msg/rosidl_typesupport_fastrtps_cpp__visibility_control.h
[8.150s] -- Symlinking: /home/srooney/Documents/rbe500/ros_500/install/open_manipulator_msgs/include/open_manipulator_msgs/open_manipulator_msgs/srv/detail/get_joint_position__rosidl_typesupport_fastrtps_cpp.hpp
[8.160s] -- Symlinking: /home/srooney/Documents/rbe500/ros_500/install/open_manipulator_msgs/include/open_manipulator_msgs/open_manipulator_msgs/srv/detail/get_kinematics_pose__rosidl_typesupport_fastrtps_cpp.hpp
[8.167s] -- Symlinking: /home/srooney/Documents/rbe500/ros_500/install/open_manipulator_msgs/include/open_manipulator_msgs/open_manipulator_msgs/srv/detail/set_actuator_state__rosidl_typesupport_fastrtps_cpp.hpp
[8.177s] -- Symlinking: /home/srooney/Documents/rbe500/ros_500/install/open_manipulator_msgs/include/open_manipulator_msgs/open_manipulator_msgs/srv/detail/set_drawing_trajectory__rosidl_typesupport_fastrtps_cpp.hpp
[8.184s] -- Symlinking: /home/srooney/Documents/rbe500/ros_500/install/open_manipulator_msgs/include/open_manipulator_msgs/open_manipulator_msgs/srv/detail/set_joint_position__rosidl_typesupport_fastrtps_cpp.hpp
[8.194s] -- Symlinking: /home/srooney/Documents/rbe500/ros_500/install/open_manipulator_msgs/include/open_manipulator_msgs/open_manipulator_msgs/srv/detail/set_kinematics_pose__rosidl_typesupport_fastrtps_cpp.hpp
[8.205s] -- Symlinking: /home/srooney/Documents/rbe500/ros_500/install/open_manipulator_msgs/include/open_manipulator_msgs/open_manipulator_msgs/msg/detail/joint_position__rosidl_typesupport_introspection_c.h
[8.215s] -- Symlinking: /home/srooney/Documents/rbe500/ros_500/install/open_manipulator_msgs/include/open_manipulator_msgs/open_manipulator_msgs/msg/detail/kinematics_pose__rosidl_typesupport_introspection_c.h
[8.225s] -- Symlinking: /home/srooney/Documents/rbe500/ros_500/install/open_manipulator_msgs/include/open_manipulator_msgs/open_manipulator_msgs/msg/detail/open_manipulator_state__rosidl_typesupport_introspection_c.h
[8.232s] -- Symlinking: /home/srooney/Documents/rbe500/ros_500/install/open_manipulator_msgs/include/open_manipulator_msgs/open_manipulator_msgs/msg/rosidl_typesupport_introspection_c__visibility_control.h
[8.238s] -- Symlinking: /home/srooney/Documents/rbe500/ros_500/install/open_manipulator_msgs/include/open_manipulator_msgs/open_manipulator_msgs/srv/detail/get_joint_position__rosidl_typesupport_introspection_c.h
[8.248s] -- Symlinking: /home/srooney/Documents/rbe500/ros_500/install/open_manipulator_msgs/include/open_manipulator_msgs/open_manipulator_msgs/srv/detail/get_kinematics_pose__rosidl_typesupport_introspection_c.h
[8.255s] -- Symlinking: /home/srooney/Documents/rbe500/ros_500/install/open_manipulator_msgs/include/open_manipulator_msgs/open_manipulator_msgs/srv/detail/set_actuator_state__rosidl_typesupport_introspection_c.h
[8.261s] -- Symlinking: /home/srooney/Documents/rbe500/ros_500/install/open_manipulator_msgs/include/open_manipulator_msgs/open_manipulator_msgs/srv/detail/set_drawing_trajectory__rosidl_typesupport_introspection_c.h
[8.271s] -- Symlinking: /home/srooney/Documents/rbe500/ros_500/install/open_manipulator_msgs/include/open_manipulator_msgs/open_manipulator_msgs/srv/detail/set_joint_position__rosidl_typesupport_introspection_c.h
[8.281s] -- Symlinking: /home/srooney/Documents/rbe500/ros_500/install/open_manipulator_msgs/include/open_manipulator_msgs/open_manipulator_msgs/srv/detail/set_kinematics_pose__rosidl_typesupport_introspection_c.h
[8.292s] -- Symlinking: /home/srooney/Documents/rbe500/ros_500/install/open_manipulator_msgs/include/open_manipulator_msgs/open_manipulator_msgs/msg/detail/joint_position__rosidl_typesupport_introspection_cpp.hpp
[8.302s] -- Symlinking: /home/srooney/Documents/rbe500/ros_500/install/open_manipulator_msgs/include/open_manipulator_msgs/open_manipulator_msgs/msg/detail/kinematics_pose__rosidl_typesupport_introspection_cpp.hpp
[8.312s] -- Symlinking: /home/srooney/Documents/rbe500/ros_500/install/open_manipulator_msgs/include/open_manipulator_msgs/open_manipulator_msgs/msg/detail/open_manipulator_state__rosidl_typesupport_introspection_cpp.hpp
[8.323s] -- Symlinking: /home/srooney/Documents/rbe500/ros_500/install/open_manipulator_msgs/include/open_manipulator_msgs/open_manipulator_msgs/srv/detail/get_joint_position__rosidl_typesupport_introspection_cpp.hpp
[8.333s] -- Symlinking: /home/srooney/Documents/rbe500/ros_500/install/open_manipulator_msgs/include/open_manipulator_msgs/open_manipulator_msgs/srv/detail/get_kinematics_pose__rosidl_typesupport_introspection_cpp.hpp
[8.344s] -- Symlinking: /home/srooney/Documents/rbe500/ros_500/install/open_manipulator_msgs/include/open_manipulator_msgs/open_manipulator_msgs/srv/detail/set_actuator_state__rosidl_typesupport_introspection_cpp.hpp
[8.350s] -- Symlinking: /home/srooney/Documents/rbe500/ros_500/install/open_manipulator_msgs/include/open_manipulator_msgs/open_manipulator_msgs/srv/detail/set_drawing_trajectory__rosidl_typesupport_introspection_cpp.hpp
[8.360s] -- Symlinking: /home/srooney/Documents/rbe500/ros_500/install/open_manipulator_msgs/include/open_manipulator_msgs/open_manipulator_msgs/srv/detail/set_joint_position__rosidl_typesupport_introspection_cpp.hpp
[8.371s] -- Symlinking: /home/srooney/Documents/rbe500/ros_500/install/open_manipulator_msgs/include/open_manipulator_msgs/open_manipulator_msgs/srv/detail/set_kinematics_pose__rosidl_typesupport_introspection_cpp.hpp
[8.381s] -- Symlinking: /home/srooney/Documents/rbe500/ros_500/install/open_manipulator_msgs/share/open_manipulator_msgs/environment/pythonpath.sh
[8.391s] -- Symlinking: /home/srooney/Documents/rbe500/ros_500/install/open_manipulator_msgs/share/open_manipulator_msgs/environment/pythonpath.dsv
[8.402s] -- Symlinking: /home/srooney/Documents/rbe500/ros_500/install/open_manipulator_msgs/local/lib/python3.10/dist-packages/open_manipulator_msgs-2.2.0-py3.10.egg-info/PKG-INFO
[8.412s] -- Symlinking: /home/srooney/Documents/rbe500/ros_500/install/open_manipulator_msgs/local/lib/python3.10/dist-packages/open_manipulator_msgs-2.2.0-py3.10.egg-info/SOURCES.txt
[8.422s] -- Symlinking: /home/srooney/Documents/rbe500/ros_500/install/open_manipulator_msgs/local/lib/python3.10/dist-packages/open_manipulator_msgs-2.2.0-py3.10.egg-info/dependency_links.txt
[8.433s] -- Symlinking: /home/srooney/Documents/rbe500/ros_500/install/open_manipulator_msgs/local/lib/python3.10/dist-packages/open_manipulator_msgs-2.2.0-py3.10.egg-info/top_level.txt
[8.447s] -- Symlinking: /home/srooney/Documents/rbe500/ros_500/install/open_manipulator_msgs/local/lib/python3.10/dist-packages/open_manipulator_msgs/__init__.py
[8.454s] -- Symlinking: /home/srooney/Documents/rbe500/ros_500/install/open_manipulator_msgs/local/lib/python3.10/dist-packages/open_manipulator_msgs/_open_manipulator_msgs_s.ep.rosidl_typesupport_c.c
[8.460s] -- Symlinking: /home/srooney/Documents/rbe500/ros_500/install/open_manipulator_msgs/local/lib/python3.10/dist-packages/open_manipulator_msgs/_open_manipulator_msgs_s.ep.rosidl_typesupport_fastrtps_c.c
[8.470s] -- Symlinking: /home/srooney/Documents/rbe500/ros_500/install/open_manipulator_msgs/local/lib/python3.10/dist-packages/open_manipulator_msgs/_open_manipulator_msgs_s.ep.rosidl_typesupport_introspection_c.c
[8.481s] -- Symlinking: /home/srooney/Documents/rbe500/ros_500/install/open_manipulator_msgs/local/lib/python3.10/dist-packages/open_manipulator_msgs/libopen_manipulator_msgs__rosidl_generator_py.so
[8.491s] -- Symlinking: /home/srooney/Documents/rbe500/ros_500/install/open_manipulator_msgs/local/lib/python3.10/dist-packages/open_manipulator_msgs/msg/__init__.py
[8.501s] -- Symlinking: /home/srooney/Documents/rbe500/ros_500/install/open_manipulator_msgs/local/lib/python3.10/dist-packages/open_manipulator_msgs/msg/_joint_position.py
[8.511s] -- Symlinking: /home/srooney/Documents/rbe500/ros_500/install/open_manipulator_msgs/local/lib/python3.10/dist-packages/open_manipulator_msgs/msg/_joint_position_s.c
[8.521s] -- Symlinking: /home/srooney/Documents/rbe500/ros_500/install/open_manipulator_msgs/local/lib/python3.10/dist-packages/open_manipulator_msgs/msg/_kinematics_pose.py
[8.531s] -- Symlinking: /home/srooney/Documents/rbe500/ros_500/install/open_manipulator_msgs/local/lib/python3.10/dist-packages/open_manipulator_msgs/msg/_kinematics_pose_s.c
[8.542s] -- Symlinking: /home/srooney/Documents/rbe500/ros_500/install/open_manipulator_msgs/local/lib/python3.10/dist-packages/open_manipulator_msgs/msg/_open_manipulator_state.py
[8.552s] -- Symlinking: /home/srooney/Documents/rbe500/ros_500/install/open_manipulator_msgs/local/lib/python3.10/dist-packages/open_manipulator_msgs/msg/_open_manipulator_state_s.c
[8.558s] -- Symlinking: /home/srooney/Documents/rbe500/ros_500/install/open_manipulator_msgs/local/lib/python3.10/dist-packages/open_manipulator_msgs/open_manipulator_msgs_s__rosidl_typesupport_c.cpython-310-x86_64-linux-gnu.so
[8.568s] -- Symlinking: /home/srooney/Documents/rbe500/ros_500/install/open_manipulator_msgs/local/lib/python3.10/dist-packages/open_manipulator_msgs/open_manipulator_msgs_s__rosidl_typesupport_fastrtps_c.cpython-310-x86_64-linux-gnu.so
[8.575s] -- Symlinking: /home/srooney/Documents/rbe500/ros_500/install/open_manipulator_msgs/local/lib/python3.10/dist-packages/open_manipulator_msgs/open_manipulator_msgs_s__rosidl_typesupport_introspection_c.cpython-310-x86_64-linux-gnu.so
[8.581s] -- Symlinking: /home/srooney/Documents/rbe500/ros_500/install/open_manipulator_msgs/local/lib/python3.10/dist-packages/open_manipulator_msgs/srv/__init__.py
[8.591s] -- Symlinking: /home/srooney/Documents/rbe500/ros_500/install/open_manipulator_msgs/local/lib/python3.10/dist-packages/open_manipulator_msgs/srv/_get_joint_position.py
[8.601s] -- Symlinking: /home/srooney/Documents/rbe500/ros_500/install/open_manipulator_msgs/local/lib/python3.10/dist-packages/open_manipulator_msgs/srv/_get_joint_position_s.c
[8.612s] -- Symlinking: /home/srooney/Documents/rbe500/ros_500/install/open_manipulator_msgs/local/lib/python3.10/dist-packages/open_manipulator_msgs/srv/_get_kinematics_pose.py
[8.622s] -- Symlinking: /home/srooney/Documents/rbe500/ros_500/install/open_manipulator_msgs/local/lib/python3.10/dist-packages/open_manipulator_msgs/srv/_get_kinematics_pose_s.c
[8.632s] -- Symlinking: /home/srooney/Documents/rbe500/ros_500/install/open_manipulator_msgs/local/lib/python3.10/dist-packages/open_manipulator_msgs/srv/_set_actuator_state.py
[8.642s] -- Symlinking: /home/srooney/Documents/rbe500/ros_500/install/open_manipulator_msgs/local/lib/python3.10/dist-packages/open_manipulator_msgs/srv/_set_actuator_state_s.c
[8.652s] -- Symlinking: /home/srooney/Documents/rbe500/ros_500/install/open_manipulator_msgs/local/lib/python3.10/dist-packages/open_manipulator_msgs/srv/_set_drawing_trajectory.py
[8.662s] -- Symlinking: /home/srooney/Documents/rbe500/ros_500/install/open_manipulator_msgs/local/lib/python3.10/dist-packages/open_manipulator_msgs/srv/_set_drawing_trajectory_s.c
[8.674s] -- Symlinking: /home/srooney/Documents/rbe500/ros_500/install/open_manipulator_msgs/local/lib/python3.10/dist-packages/open_manipulator_msgs/srv/_set_joint_position.py
[8.684s] -- Symlinking: /home/srooney/Documents/rbe500/ros_500/install/open_manipulator_msgs/local/lib/python3.10/dist-packages/open_manipulator_msgs/srv/_set_joint_position_s.c
[8.695s] -- Symlinking: /home/srooney/Documents/rbe500/ros_500/install/open_manipulator_msgs/local/lib/python3.10/dist-packages/open_manipulator_msgs/srv/_set_kinematics_pose.py
[8.705s] -- Symlinking: /home/srooney/Documents/rbe500/ros_500/install/open_manipulator_msgs/local/lib/python3.10/dist-packages/open_manipulator_msgs/srv/_set_kinematics_pose_s.c
[8.715s] -- Up-to-date symlink: /home/srooney/Documents/rbe500/ros_500/install/open_manipulator_msgs/local/lib/python3.10/dist-packages/open_manipulator_msgs/open_manipulator_msgs_s__rosidl_typesupport_fastrtps_c.cpython-310-x86_64-linux-gnu.so
[8.715s] -- Up-to-date symlink: /home/srooney/Documents/rbe500/ros_500/install/open_manipulator_msgs/local/lib/python3.10/dist-packages/open_manipulator_msgs/open_manipulator_msgs_s__rosidl_typesupport_introspection_c.cpython-310-x86_64-linux-gnu.so
[8.715s] -- Up-to-date symlink: /home/srooney/Documents/rbe500/ros_500/install/open_manipulator_msgs/local/lib/python3.10/dist-packages/open_manipulator_msgs/open_manipulator_msgs_s__rosidl_typesupport_c.cpython-310-x86_64-linux-gnu.so
[8.715s] -- Symlinking: /home/srooney/Documents/rbe500/ros_500/install/open_manipulator_msgs/share/open_manipulator_msgs/msg/JointPosition.idl
[8.725s] -- Symlinking: /home/srooney/Documents/rbe500/ros_500/install/open_manipulator_msgs/share/open_manipulator_msgs/msg/KinematicsPose.idl
[8.735s] -- Symlinking: /home/srooney/Documents/rbe500/ros_500/install/open_manipulator_msgs/share/open_manipulator_msgs/msg/OpenManipulatorState.idl
[8.745s] -- Symlinking: /home/srooney/Documents/rbe500/ros_500/install/open_manipulator_msgs/share/open_manipulator_msgs/srv/GetJointPosition.idl
[8.755s] -- Symlinking: /home/srooney/Documents/rbe500/ros_500/install/open_manipulator_msgs/share/open_manipulator_msgs/srv/GetKinematicsPose.idl
[8.765s] -- Symlinking: /home/srooney/Documents/rbe500/ros_500/install/open_manipulator_msgs/share/open_manipulator_msgs/srv/SetJointPosition.idl
[8.776s] -- Symlinking: /home/srooney/Documents/rbe500/ros_500/install/open_manipulator_msgs/share/open_manipulator_msgs/srv/SetKinematicsPose.idl
[8.786s] -- Symlinking: /home/srooney/Documents/rbe500/ros_500/install/open_manipulator_msgs/share/open_manipulator_msgs/srv/SetDrawingTrajectory.idl
[8.797s] -- Symlinking: /home/srooney/Documents/rbe500/ros_500/install/open_manipulator_msgs/share/open_manipulator_msgs/srv/SetActuatorState.idl
[8.807s] -- Symlinking: /home/srooney/Documents/rbe500/ros_500/install/open_manipulator_msgs/share/open_manipulator_msgs/msg/JointPosition.msg
[8.817s] -- Symlinking: /home/srooney/Documents/rbe500/ros_500/install/open_manipulator_msgs/share/open_manipulator_msgs/msg/KinematicsPose.msg
[8.827s] -- Symlinking: /home/srooney/Documents/rbe500/ros_500/install/open_manipulator_msgs/share/open_manipulator_msgs/msg/OpenManipulatorState.msg
[8.838s] -- Symlinking: /home/srooney/Documents/rbe500/ros_500/install/open_manipulator_msgs/share/open_manipulator_msgs/srv/GetJointPosition.srv
[8.848s] -- Symlinking: /home/srooney/Documents/rbe500/ros_500/install/open_manipulator_msgs/share/open_manipulator_msgs/srv/GetJointPosition_Request.msg
[8.858s] -- Symlinking: /home/srooney/Documents/rbe500/ros_500/install/open_manipulator_msgs/share/open_manipulator_msgs/srv/GetJointPosition_Response.msg
[8.868s] -- Symlinking: /home/srooney/Documents/rbe500/ros_500/install/open_manipulator_msgs/share/open_manipulator_msgs/srv/GetKinematicsPose.srv
[8.879s] -- Symlinking: /home/srooney/Documents/rbe500/ros_500/install/open_manipulator_msgs/share/open_manipulator_msgs/srv/GetKinematicsPose_Request.msg
[8.890s] -- Symlinking: /home/srooney/Documents/rbe500/ros_500/install/open_manipulator_msgs/share/open_manipulator_msgs/srv/GetKinematicsPose_Response.msg
[8.900s] -- Symlinking: /home/srooney/Documents/rbe500/ros_500/install/open_manipulator_msgs/share/open_manipulator_msgs/srv/SetJointPosition.srv
[8.911s] -- Symlinking: /home/srooney/Documents/rbe500/ros_500/install/open_manipulator_msgs/share/open_manipulator_msgs/srv/SetJointPosition_Request.msg
[8.921s] -- Symlinking: /home/srooney/Documents/rbe500/ros_500/install/open_manipulator_msgs/share/open_manipulator_msgs/srv/SetJointPosition_Response.msg
[8.931s] -- Symlinking: /home/srooney/Documents/rbe500/ros_500/install/open_manipulator_msgs/share/open_manipulator_msgs/srv/SetKinematicsPose.srv
[8.941s] -- Symlinking: /home/srooney/Documents/rbe500/ros_500/install/open_manipulator_msgs/share/open_manipulator_msgs/srv/SetKinematicsPose_Request.msg
[8.951s] -- Symlinking: /home/srooney/Documents/rbe500/ros_500/install/open_manipulator_msgs/share/open_manipulator_msgs/srv/SetKinematicsPose_Response.msg
[8.962s] -- Symlinking: /home/srooney/Documents/rbe500/ros_500/install/open_manipulator_msgs/share/open_manipulator_msgs/srv/SetDrawingTrajectory.srv
[8.972s] -- Symlinking: /home/srooney/Documents/rbe500/ros_500/install/open_manipulator_msgs/share/open_manipulator_msgs/srv/SetDrawingTrajectory_Request.msg
[8.982s] -- Symlinking: /home/srooney/Documents/rbe500/ros_500/install/open_manipulator_msgs/share/open_manipulator_msgs/srv/SetDrawingTrajectory_Response.msg
[8.989s] -- Symlinking: /home/srooney/Documents/rbe500/ros_500/install/open_manipulator_msgs/share/open_manipulator_msgs/srv/SetActuatorState.srv
[9.000s] -- Symlinking: /home/srooney/Documents/rbe500/ros_500/install/open_manipulator_msgs/share/open_manipulator_msgs/srv/SetActuatorState_Request.msg
[9.010s] -- Symlinking: /home/srooney/Documents/rbe500/ros_500/install/open_manipulator_msgs/share/open_manipulator_msgs/srv/SetActuatorState_Response.msg
[9.020s] -- Symlinking: /home/srooney/Documents/rbe500/ros_500/install/open_manipulator_msgs/share/ament_index/resource_index/package_run_dependencies/open_manipulator_msgs
[9.031s] -- Symlinking: /home/srooney/Documents/rbe500/ros_500/install/open_manipulator_msgs/share/ament_index/resource_index/parent_prefix_path/open_manipulator_msgs
[9.041s] -- Symlinking: /home/srooney/Documents/rbe500/ros_500/install/open_manipulator_msgs/share/open_manipulator_msgs/environment/ament_prefix_path.sh
[9.051s] -- Symlinking: /home/srooney/Documents/rbe500/ros_500/install/open_manipulator_msgs/share/open_manipulator_msgs/environment/ament_prefix_path.dsv
[9.061s] -- Symlinking: /home/srooney/Documents/rbe500/ros_500/install/open_manipulator_msgs/share/open_manipulator_msgs/environment/path.sh
[9.071s] -- Symlinking: /home/srooney/Documents/rbe500/ros_500/install/open_manipulator_msgs/share/open_manipulator_msgs/environment/path.dsv
[9.082s] -- Symlinking: /home/srooney/Documents/rbe500/ros_500/install/open_manipulator_msgs/share/open_manipulator_msgs/local_setup.bash
[9.093s] -- Symlinking: /home/srooney/Documents/rbe500/ros_500/install/open_manipulator_msgs/share/open_manipulator_msgs/local_setup.sh
[9.104s] -- Symlinking: /home/srooney/Documents/rbe500/ros_500/install/open_manipulator_msgs/share/open_manipulator_msgs/local_setup.zsh
[9.111s] -- Symlinking: /home/srooney/Documents/rbe500/ros_500/install/open_manipulator_msgs/share/open_manipulator_msgs/local_setup.dsv
[9.117s] -- Symlinking: /home/srooney/Documents/rbe500/ros_500/install/open_manipulator_msgs/share/open_manipulator_msgs/package.dsv
[9.128s] -- Symlinking: /home/srooney/Documents/rbe500/ros_500/install/open_manipulator_msgs/share/ament_index/resource_index/packages/open_manipulator_msgs
[9.138s] -- Symlinking: /home/srooney/Documents/rbe500/ros_500/install/open_manipulator_msgs/share/open_manipulator_msgs/cmake/rosidl_cmake-extras.cmake
[9.149s] -- Symlinking: /home/srooney/Documents/rbe500/ros_500/install/open_manipulator_msgs/share/open_manipulator_msgs/cmake/ament_cmake_export_dependencies-extras.cmake
[9.159s] -- Symlinking: /home/srooney/Documents/rbe500/ros_500/install/open_manipulator_msgs/share/open_manipulator_msgs/cmake/ament_cmake_export_include_directories-extras.cmake
[9.165s] -- Symlinking: /home/srooney/Documents/rbe500/ros_500/install/open_manipulator_msgs/share/open_manipulator_msgs/cmake/ament_cmake_export_libraries-extras.cmake
[9.176s] -- Symlinking: /home/srooney/Documents/rbe500/ros_500/install/open_manipulator_msgs/share/open_manipulator_msgs/cmake/ament_cmake_export_targets-extras.cmake
[9.186s] -- Symlinking: /home/srooney/Documents/rbe500/ros_500/install/open_manipulator_msgs/share/open_manipulator_msgs/cmake/rosidl_cmake_export_typesupport_targets-extras.cmake
[9.193s] -- Symlinking: /home/srooney/Documents/rbe500/ros_500/install/open_manipulator_msgs/share/open_manipulator_msgs/cmake/rosidl_cmake_export_typesupport_libraries-extras.cmake
[9.199s] -- Symlinking: /home/srooney/Documents/rbe500/ros_500/install/open_manipulator_msgs/share/open_manipulator_msgs/cmake/open_manipulator_msgsConfig.cmake
[9.209s] -- Symlinking: /home/srooney/Documents/rbe500/ros_500/install/open_manipulator_msgs/share/open_manipulator_msgs/cmake/open_manipulator_msgsConfig-version.cmake
[9.216s] -- Symlinking: /home/srooney/Documents/rbe500/ros_500/install/open_manipulator_msgs/share/open_manipulator_msgs/package.xml
[9.227s] -- Installing: /home/srooney/Documents/rbe500/ros_500/install/open_manipulator_msgs/lib/libopen_manipulator_msgs__rosidl_generator_c.so
[9.227s] -- Set runtime path of "/home/srooney/Documents/rbe500/ros_500/install/open_manipulator_msgs/lib/libopen_manipulator_msgs__rosidl_generator_c.so" to ""
[9.228s] -- Installing: /home/srooney/Documents/rbe500/ros_500/install/open_manipulator_msgs/lib/libopen_manipulator_msgs__rosidl_typesupport_fastrtps_c.so
[9.228s] -- Set runtime path of "/home/srooney/Documents/rbe500/ros_500/install/open_manipulator_msgs/lib/libopen_manipulator_msgs__rosidl_typesupport_fastrtps_c.so" to ""
[9.228s] -- Installing: /home/srooney/Documents/rbe500/ros_500/install/open_manipulator_msgs/lib/libopen_manipulator_msgs__rosidl_typesupport_fastrtps_cpp.so
[9.229s] -- Set runtime path of "/home/srooney/Documents/rbe500/ros_500/install/open_manipulator_msgs/lib/libopen_manipulator_msgs__rosidl_typesupport_fastrtps_cpp.so" to ""
[9.229s] -- Installing: /home/srooney/Documents/rbe500/ros_500/install/open_manipulator_msgs/lib/libopen_manipulator_msgs__rosidl_typesupport_introspection_c.so
[9.229s] -- Set runtime path of "/home/srooney/Documents/rbe500/ros_500/install/open_manipulator_msgs/lib/libopen_manipulator_msgs__rosidl_typesupport_introspection_c.so" to ""
[9.230s] -- Installing: /home/srooney/Documents/rbe500/ros_500/install/open_manipulator_msgs/lib/libopen_manipulator_msgs__rosidl_typesupport_c.so
[9.230s] -- Set runtime path of "/home/srooney/Documents/rbe500/ros_500/install/open_manipulator_msgs/lib/libopen_manipulator_msgs__rosidl_typesupport_c.so" to ""
[9.230s] -- Installing: /home/srooney/Documents/rbe500/ros_500/install/open_manipulator_msgs/lib/libopen_manipulator_msgs__rosidl_typesupport_introspection_cpp.so
[9.231s] -- Set runtime path of "/home/srooney/Documents/rbe500/ros_500/install/open_manipulator_msgs/lib/libopen_manipulator_msgs__rosidl_typesupport_introspection_cpp.so" to ""
[9.231s] -- Installing: /home/srooney/Documents/rbe500/ros_500/install/open_manipulator_msgs/lib/libopen_manipulator_msgs__rosidl_typesupport_cpp.so
[9.232s] -- Set runtime path of "/home/srooney/Documents/rbe500/ros_500/install/open_manipulator_msgs/lib/libopen_manipulator_msgs__rosidl_typesupport_cpp.so" to ""
[9.266s] Listing '/home/srooney/Documents/rbe500/ros_500/install/open_manipulator_msgs/local/lib/python3.10/dist-packages/open_manipulator_msgs'...
[9.266s] Compiling '/home/srooney/Documents/rbe500/ros_500/install/open_manipulator_msgs/local/lib/python3.10/dist-packages/open_manipulator_msgs/__init__.py'...
[9.267s] Listing '/home/srooney/Documents/rbe500/ros_500/install/open_manipulator_msgs/local/lib/python3.10/dist-packages/open_manipulator_msgs/msg'...
[9.267s] Compiling '/home/srooney/Documents/rbe500/ros_500/install/open_manipulator_msgs/local/lib/python3.10/dist-packages/open_manipulator_msgs/msg/__init__.py'...
[9.267s] Compiling '/home/srooney/Documents/rbe500/ros_500/install/open_manipulator_msgs/local/lib/python3.10/dist-packages/open_manipulator_msgs/msg/_joint_position.py'...
[9.267s] Compiling '/home/srooney/Documents/rbe500/ros_500/install/open_manipulator_msgs/local/lib/python3.10/dist-packages/open_manipulator_msgs/msg/_kinematics_pose.py'...
[9.267s] Compiling '/home/srooney/Documents/rbe500/ros_500/install/open_manipulator_msgs/local/lib/python3.10/dist-packages/open_manipulator_msgs/msg/_open_manipulator_state.py'...
[9.267s] Listing '/home/srooney/Documents/rbe500/ros_500/install/open_manipulator_msgs/local/lib/python3.10/dist-packages/open_manipulator_msgs/srv'...
[9.267s] Compiling '/home/srooney/Documents/rbe500/ros_500/install/open_manipulator_msgs/local/lib/python3.10/dist-packages/open_manipulator_msgs/srv/__init__.py'...
[9.267s] Compiling '/home/srooney/Documents/rbe500/ros_500/install/open_manipulator_msgs/local/lib/python3.10/dist-packages/open_manipulator_msgs/srv/_get_joint_position.py'...
[9.267s] Compiling '/home/srooney/Documents/rbe500/ros_500/install/open_manipulator_msgs/local/lib/python3.10/dist-packages/open_manipulator_msgs/srv/_get_kinematics_pose.py'...
[9.267s] Compiling '/home/srooney/Documents/rbe500/ros_500/install/open_manipulator_msgs/local/lib/python3.10/dist-packages/open_manipulator_msgs/srv/_set_actuator_state.py'...
[9.268s] Compiling '/home/srooney/Documents/rbe500/ros_500/install/open_manipulator_msgs/local/lib/python3.10/dist-packages/open_manipulator_msgs/srv/_set_drawing_trajectory.py'...
[9.268s] Compiling '/home/srooney/Documents/rbe500/ros_500/install/open_manipulator_msgs/local/lib/python3.10/dist-packages/open_manipulator_msgs/srv/_set_joint_position.py'...
[9.268s] Compiling '/home/srooney/Documents/rbe500/ros_500/install/open_manipulator_msgs/local/lib/python3.10/dist-packages/open_manipulator_msgs/srv/_set_kinematics_pose.py'...
[9.271s] -- Installing: /home/srooney/Documents/rbe500/ros_500/install/open_manipulator_msgs/lib/libopen_manipulator_msgs__rosidl_generator_py.so
[9.271s] -- Set runtime path of "/home/srooney/Documents/rbe500/ros_500/install/open_manipulator_msgs/lib/libopen_manipulator_msgs__rosidl_generator_py.so" to ""
[9.272s] -- Installing: /home/srooney/Documents/rbe500/ros_500/install/open_manipulator_msgs/share/open_manipulator_msgs/cmake/export_open_manipulator_msgs__rosidl_generator_cExport.cmake
[9.272s] -- Installing: /home/srooney/Documents/rbe500/ros_500/install/open_manipulator_msgs/share/open_manipulator_msgs/cmake/export_open_manipulator_msgs__rosidl_generator_cExport-noconfig.cmake
[9.272s] -- Installing: /home/srooney/Documents/rbe500/ros_500/install/open_manipulator_msgs/share/open_manipulator_msgs/cmake/export_open_manipulator_msgs__rosidl_typesupport_fastrtps_cExport.cmake
[9.272s] -- Installing: /home/srooney/Documents/rbe500/ros_500/install/open_manipulator_msgs/share/open_manipulator_msgs/cmake/export_open_manipulator_msgs__rosidl_typesupport_fastrtps_cExport-noconfig.cmake
[9.272s] -- Installing: /home/srooney/Documents/rbe500/ros_500/install/open_manipulator_msgs/share/open_manipulator_msgs/cmake/export_open_manipulator_msgs__rosidl_generator_cppExport.cmake
[9.272s] -- Installing: /home/srooney/Documents/rbe500/ros_500/install/open_manipulator_msgs/share/open_manipulator_msgs/cmake/export_open_manipulator_msgs__rosidl_typesupport_fastrtps_cppExport.cmake
[9.273s] -- Installing: /home/srooney/Documents/rbe500/ros_500/install/open_manipulator_msgs/share/open_manipulator_msgs/cmake/export_open_manipulator_msgs__rosidl_typesupport_fastrtps_cppExport-noconfig.cmake
[9.273s] -- Installing: /home/srooney/Documents/rbe500/ros_500/install/open_manipulator_msgs/share/open_manipulator_msgs/cmake/open_manipulator_msgs__rosidl_typesupport_introspection_cExport.cmake
[9.273s] -- Installing: /home/srooney/Documents/rbe500/ros_500/install/open_manipulator_msgs/share/open_manipulator_msgs/cmake/open_manipulator_msgs__rosidl_typesupport_introspection_cExport-noconfig.cmake
[9.273s] -- Installing: /home/srooney/Documents/rbe500/ros_500/install/open_manipulator_msgs/share/open_manipulator_msgs/cmake/open_manipulator_msgs__rosidl_typesupport_cExport.cmake
[9.273s] -- Installing: /home/srooney/Documents/rbe500/ros_500/install/open_manipulator_msgs/share/open_manipulator_msgs/cmake/open_manipulator_msgs__rosidl_typesupport_cExport-noconfig.cmake
[9.274s] -- Installing: /home/srooney/Documents/rbe500/ros_500/install/open_manipulator_msgs/share/open_manipulator_msgs/cmake/open_manipulator_msgs__rosidl_typesupport_introspection_cppExport.cmake
[9.274s] -- Installing: /home/srooney/Documents/rbe500/ros_500/install/open_manipulator_msgs/share/open_manipulator_msgs/cmake/open_manipulator_msgs__rosidl_typesupport_introspection_cppExport-noconfig.cmake
[9.274s] -- Installing: /home/srooney/Documents/rbe500/ros_500/install/open_manipulator_msgs/share/open_manipulator_msgs/cmake/open_manipulator_msgs__rosidl_typesupport_cppExport.cmake
[9.274s] -- Installing: /home/srooney/Documents/rbe500/ros_500/install/open_manipulator_msgs/share/open_manipulator_msgs/cmake/open_manipulator_msgs__rosidl_typesupport_cppExport-noconfig.cmake
[9.275s] -- Installing: /home/srooney/Documents/rbe500/ros_500/install/open_manipulator_msgs/share/open_manipulator_msgs/cmake/export_open_manipulator_msgs__rosidl_generator_pyExport.cmake
[9.275s] -- Installing: /home/srooney/Documents/rbe500/ros_500/install/open_manipulator_msgs/share/open_manipulator_msgs/cmake/export_open_manipulator_msgs__rosidl_generator_pyExport-noconfig.cmake
[9.278s] Invoked command in '/home/srooney/Documents/rbe500/ros_500/build/open_manipulator_msgs' returned '0': CMAKE_PREFIX_PATH=/opt/ros/humble /usr/bin/cmake --install /home/srooney/Documents/rbe500/ros_500/build/open_manipulator_msgs
