-- The C compiler identification is GNU 11.4.0
-- The CXX compiler identification is GNU 11.4.0
-- Detecting C compiler ABI info
-- Detecting C compiler ABI info - done
-- Check for working C compiler: /usr/bin/cc - skipped
-- Detecting C compile features
-- Detecting C compile features - done
-- Detecting CXX compiler ABI info
-- Detecting CXX compiler ABI info - done
-- Check for working CXX compiler: /usr/bin/c++ - skipped
-- Detecting CXX compile features
-- Detecting CXX compile features - done
-- Found ament_cmake: 1.3.5 (/opt/ros/humble/share/ament_cmake/cmake)
-- Found Python3: /usr/bin/python3.10 (found version "3.10.12") found components: Interpreter 
-- Override CMake install command with custom implementation using symlinks instead of copying resources
-- Found dynamixel_workbench_toolbox: 2.2.3 (/home/srooney/Documents/rbe500/ros_500/install/dynamixel_workbench_toolbox/share/dynamixel_workbench_toolbox/cmake)
-- Found rosidl_generator_c: 3.1.5 (/opt/ros/humble/share/rosidl_generator_c/cmake)
-- Found rosidl_adapter: 3.1.5 (/opt/ros/humble/share/rosidl_adapter/cmake)
-- Found rosidl_generator_cpp: 3.1.5 (/opt/ros/humble/share/rosidl_generator_cpp/cmake)
-- Using all available rosidl_typesupport_c: rosidl_typesupport_fastrtps_c;rosidl_typesupport_introspection_c
-- Using all available rosidl_typesupport_cpp: rosidl_typesupport_fastrtps_cpp;rosidl_typesupport_introspection_cpp
-- Found rmw_implementation_cmake: 6.1.1 (/opt/ros/humble/share/rmw_implementation_cmake/cmake)
-- Found rmw_fastrtps_cpp: 6.2.4 (/opt/ros/humble/share/rmw_fastrtps_cpp/cmake)
-- Found OpenSSL: /usr/lib/x86_64-linux-gnu/libcrypto.so (found version "3.0.2")  
-- Found FastRTPS: /opt/ros/humble/include  
-- Using RMW implementation 'rmw_fastrtps_cpp' as default
-- Looking for pthread.h
-- Looking for pthread.h - found
-- Performing Test CMAKE_HAVE_LIBC_PTHREAD
-- Performing Test CMAKE_HAVE_LIBC_PTHREAD - Success
-- Found Threads: TRUE  
-- Found robotis_manipulator: 1.0.0 (/home/srooney/Documents/rbe500/ros_500/install/robotis_manipulator/share/robotis_manipulator/cmake)
-- Configuring done
-- Generating done
-- Build files have been written to: /home/srooney/Documents/rbe500/ros_500/build/open_manipulator_x_libs
[ 40%] [32mBuilding CXX object CMakeFiles/open_manipulator_x_libs.dir/src/dynamixel.cpp.o[0m
[ 40%] [32mBuilding CXX object CMakeFiles/open_manipulator_x_libs.dir/src/open_manipulator_x.cpp.o[0m
[ 60%] [32mBuilding CXX object CMakeFiles/open_manipulator_x_libs.dir/src/custom_trajectory.cpp.o[0m
[ 80%] [32mBuilding CXX object CMakeFiles/open_manipulator_x_libs.dir/src/kinematics.cpp.o[0m
[100%] [32m[1mLinking CXX shared library libopen_manipulator_x_libs.so[0m
[100%] Built target open_manipulator_x_libs
-- Install configuration: ""
-- Execute custom install script
-- Symlinking: /home/srooney/Documents/rbe500/ros_500/install/open_manipulator_x_libs/lib/libopen_manipulator_x_libs.so
-- Symlinking: /home/srooney/Documents/rbe500/ros_500/install/open_manipulator_x_libs/include//open_manipulator_x_libs/custom_trajectory.hpp
-- Symlinking: /home/srooney/Documents/rbe500/ros_500/install/open_manipulator_x_libs/include//open_manipulator_x_libs/dynamixel.hpp
-- Symlinking: /home/srooney/Documents/rbe500/ros_500/install/open_manipulator_x_libs/include//open_manipulator_x_libs/kinematics.hpp
-- Symlinking: /home/srooney/Documents/rbe500/ros_500/install/open_manipulator_x_libs/include//open_manipulator_x_libs/open_manipulator_x.hpp
-- Symlinking: /home/srooney/Documents/rbe500/ros_500/install/open_manipulator_x_libs/share/open_manipulator_x_libs/environment/library_path.sh
-- Symlinking: /home/srooney/Documents/rbe500/ros_500/install/open_manipulator_x_libs/share/open_manipulator_x_libs/environment/library_path.dsv
-- Symlinking: /home/srooney/Documents/rbe500/ros_500/install/open_manipulator_x_libs/share/ament_index/resource_index/package_run_dependencies/open_manipulator_x_libs
-- Symlinking: /home/srooney/Documents/rbe500/ros_500/install/open_manipulator_x_libs/share/ament_index/resource_index/parent_prefix_path/open_manipulator_x_libs
-- Symlinking: /home/srooney/Documents/rbe500/ros_500/install/open_manipulator_x_libs/share/open_manipulator_x_libs/environment/ament_prefix_path.sh
-- Symlinking: /home/srooney/Documents/rbe500/ros_500/install/open_manipulator_x_libs/share/open_manipulator_x_libs/environment/ament_prefix_path.dsv
-- Symlinking: /home/srooney/Documents/rbe500/ros_500/install/open_manipulator_x_libs/share/open_manipulator_x_libs/environment/path.sh
-- Symlinking: /home/srooney/Documents/rbe500/ros_500/install/open_manipulator_x_libs/share/open_manipulator_x_libs/environment/path.dsv
-- Symlinking: /home/srooney/Documents/rbe500/ros_500/install/open_manipulator_x_libs/share/open_manipulator_x_libs/local_setup.bash
-- Symlinking: /home/srooney/Documents/rbe500/ros_500/install/open_manipulator_x_libs/share/open_manipulator_x_libs/local_setup.sh
-- Symlinking: /home/srooney/Documents/rbe500/ros_500/install/open_manipulator_x_libs/share/open_manipulator_x_libs/local_setup.zsh
-- Symlinking: /home/srooney/Documents/rbe500/ros_500/install/open_manipulator_x_libs/share/open_manipulator_x_libs/local_setup.dsv
-- Symlinking: /home/srooney/Documents/rbe500/ros_500/install/open_manipulator_x_libs/share/open_manipulator_x_libs/package.dsv
-- Symlinking: /home/srooney/Documents/rbe500/ros_500/install/open_manipulator_x_libs/share/ament_index/resource_index/packages/open_manipulator_x_libs
-- Symlinking: /home/srooney/Documents/rbe500/ros_500/install/open_manipulator_x_libs/share/open_manipulator_x_libs/cmake/ament_cmake_export_include_directories-extras.cmake
-- Symlinking: /home/srooney/Documents/rbe500/ros_500/install/open_manipulator_x_libs/share/open_manipulator_x_libs/cmake/ament_cmake_export_dependencies-extras.cmake
-- Symlinking: /home/srooney/Documents/rbe500/ros_500/install/open_manipulator_x_libs/share/open_manipulator_x_libs/cmake/ament_cmake_export_libraries-extras.cmake
-- Symlinking: /home/srooney/Documents/rbe500/ros_500/install/open_manipulator_x_libs/share/open_manipulator_x_libs/cmake/open_manipulator_x_libsConfig.cmake
-- Symlinking: /home/srooney/Documents/rbe500/ros_500/install/open_manipulator_x_libs/share/open_manipulator_x_libs/cmake/open_manipulator_x_libsConfig-version.cmake
-- Symlinking: /home/srooney/Documents/rbe500/ros_500/install/open_manipulator_x_libs/share/open_manipulator_x_libs/package.xml
