-- The C compiler identification is GNU 11.4.0
-- The CXX compiler identification is GNU 11.4.0
-- Detecting C compiler ABI info
-- Detecting C compiler ABI info - done
-- Check for working C compiler: /usr/bin/cc - skipped
-- Detecting C compile features
-- Detecting C compile features - done
-- Detecting CXX compiler ABI info
-- Detecting CXX compiler ABI info - done
-- Check for working CXX compiler: /usr/bin/c++ - skipped
-- Detecting CXX compile features
-- Detecting CXX compile features - done
-- Found ament_cmake: 1.3.5 (/opt/ros/humble/share/ament_cmake/cmake)
-- Found Python3: /usr/bin/python3.10 (found version "3.10.12") found components: Interpreter 
-- Override CMake install command with custom implementation using symlinks instead of copying resources
-- Found cmake_modules: 0.4.1 (/home/srooney/Documents/rbe500/ros_500/install/cmake_modules/share/cmake_modules/cmake)
-- Found rclcpp: 16.0.6 (/opt/ros/humble/share/rclcpp/cmake)
-- Found rosidl_generator_c: 3.1.5 (/opt/ros/humble/share/rosidl_generator_c/cmake)
-- Found rosidl_adapter: 3.1.5 (/opt/ros/humble/share/rosidl_adapter/cmake)
-- Found rosidl_generator_cpp: 3.1.5 (/opt/ros/humble/share/rosidl_generator_cpp/cmake)
-- Using all available rosidl_typesupport_c: rosidl_typesupport_fastrtps_c;rosidl_typesupport_introspection_c
-- Using all available rosidl_typesupport_cpp: rosidl_typesupport_fastrtps_cpp;rosidl_typesupport_introspection_cpp
-- Found rmw_implementation_cmake: 6.1.1 (/opt/ros/humble/share/rmw_implementation_cmake/cmake)
-- Found rmw_fastrtps_cpp: 6.2.4 (/opt/ros/humble/share/rmw_fastrtps_cpp/cmake)
-- Found OpenSSL: /usr/lib/x86_64-linux-gnu/libcrypto.so (found version "3.0.2")  
-- Found FastRTPS: /opt/ros/humble/include  
-- Using RMW implementation 'rmw_fastrtps_cpp' as default
-- Looking for pthread.h
-- Looking for pthread.h - found
-- Performing Test CMAKE_HAVE_LIBC_PTHREAD
-- Performing Test CMAKE_HAVE_LIBC_PTHREAD - Success
-- Found Threads: TRUE  
-- Configuring done
-- Generating done
-- Build files have been written to: /home/srooney/Documents/rbe500/ros_500/build/robotis_manipulator
[ 28%] [32mBuilding CXX object CMakeFiles/robotis_manipulator.dir/src/robotis_manipulator/robotis_manipulator_log.cpp.o[0m
[ 71%] [32mBuilding CXX object CMakeFiles/robotis_manipulator.dir/src/robotis_manipulator/robotis_manipulator_trajectory_generator.cpp.o[0m
[ 71%] [32mBuilding CXX object CMakeFiles/robotis_manipulator.dir/src/robotis_manipulator/robotis_manipulator_manager.cpp.o[0m
[ 71%] [32mBuilding CXX object CMakeFiles/robotis_manipulator.dir/src/robotis_manipulator/robotis_manipulator_common.cpp.o[0m
[ 71%] [32mBuilding CXX object CMakeFiles/robotis_manipulator.dir/src/robotis_manipulator/robotis_manipulator.cpp.o[0m
[ 85%] [32mBuilding CXX object CMakeFiles/robotis_manipulator.dir/src/robotis_manipulator/robotis_manipulator_math.cpp.o[0m
[100%] [32m[1mLinking CXX shared library librobotis_manipulator.so[0m
[100%] Built target robotis_manipulator
-- Install configuration: ""
-- Execute custom install script
-- Symlinking: /home/srooney/Documents/rbe500/ros_500/install/robotis_manipulator/lib/librobotis_manipulator.so
-- Symlinking: /home/srooney/Documents/rbe500/ros_500/install/robotis_manipulator/include//robotis_manipulator/robotis_manipulator.h
-- Symlinking: /home/srooney/Documents/rbe500/ros_500/install/robotis_manipulator/include//robotis_manipulator/robotis_manipulator_common.h
-- Symlinking: /home/srooney/Documents/rbe500/ros_500/install/robotis_manipulator/include//robotis_manipulator/robotis_manipulator_log.h
-- Symlinking: /home/srooney/Documents/rbe500/ros_500/install/robotis_manipulator/include//robotis_manipulator/robotis_manipulator_manager.h
-- Symlinking: /home/srooney/Documents/rbe500/ros_500/install/robotis_manipulator/include//robotis_manipulator/robotis_manipulator_math.h
-- Symlinking: /home/srooney/Documents/rbe500/ros_500/install/robotis_manipulator/include//robotis_manipulator/robotis_manipulator_trajectory_generator.h
-- Symlinking: /home/srooney/Documents/rbe500/ros_500/install/robotis_manipulator/share/robotis_manipulator/environment/library_path.sh
-- Symlinking: /home/srooney/Documents/rbe500/ros_500/install/robotis_manipulator/share/robotis_manipulator/environment/library_path.dsv
-- Symlinking: /home/srooney/Documents/rbe500/ros_500/install/robotis_manipulator/share/ament_index/resource_index/package_run_dependencies/robotis_manipulator
-- Symlinking: /home/srooney/Documents/rbe500/ros_500/install/robotis_manipulator/share/ament_index/resource_index/parent_prefix_path/robotis_manipulator
-- Symlinking: /home/srooney/Documents/rbe500/ros_500/install/robotis_manipulator/share/robotis_manipulator/environment/ament_prefix_path.sh
-- Symlinking: /home/srooney/Documents/rbe500/ros_500/install/robotis_manipulator/share/robotis_manipulator/environment/ament_prefix_path.dsv
-- Symlinking: /home/srooney/Documents/rbe500/ros_500/install/robotis_manipulator/share/robotis_manipulator/environment/path.sh
-- Symlinking: /home/srooney/Documents/rbe500/ros_500/install/robotis_manipulator/share/robotis_manipulator/environment/path.dsv
-- Symlinking: /home/srooney/Documents/rbe500/ros_500/install/robotis_manipulator/share/robotis_manipulator/local_setup.bash
-- Symlinking: /home/srooney/Documents/rbe500/ros_500/install/robotis_manipulator/share/robotis_manipulator/local_setup.sh
-- Symlinking: /home/srooney/Documents/rbe500/ros_500/install/robotis_manipulator/share/robotis_manipulator/local_setup.zsh
-- Symlinking: /home/srooney/Documents/rbe500/ros_500/install/robotis_manipulator/share/robotis_manipulator/local_setup.dsv
-- Symlinking: /home/srooney/Documents/rbe500/ros_500/install/robotis_manipulator/share/robotis_manipulator/package.dsv
-- Symlinking: /home/srooney/Documents/rbe500/ros_500/install/robotis_manipulator/share/ament_index/resource_index/packages/robotis_manipulator
-- Symlinking: /home/srooney/Documents/rbe500/ros_500/install/robotis_manipulator/share/robotis_manipulator/cmake/ament_cmake_export_include_directories-extras.cmake
-- Symlinking: /home/srooney/Documents/rbe500/ros_500/install/robotis_manipulator/share/robotis_manipulator/cmake/ament_cmake_export_dependencies-extras.cmake
-- Symlinking: /home/srooney/Documents/rbe500/ros_500/install/robotis_manipulator/share/robotis_manipulator/cmake/ament_cmake_export_libraries-extras.cmake
-- Symlinking: /home/srooney/Documents/rbe500/ros_500/install/robotis_manipulator/share/robotis_manipulator/cmake/robotis_manipulatorConfig.cmake
-- Symlinking: /home/srooney/Documents/rbe500/ros_500/install/robotis_manipulator/share/robotis_manipulator/cmake/robotis_manipulatorConfig-version.cmake
-- Symlinking: /home/srooney/Documents/rbe500/ros_500/install/robotis_manipulator/share/robotis_manipulator/package.xml
