[0.037s] Invoking command in '/home/srooney/Documents/rbe500/ros_500/build/robotis_manipulator': AMENT_PREFIX_PATH=/home/srooney/Documents/rbe500/ros_500/install/cmake_modules:${AMENT_PREFIX_PATH} CMAKE_PREFIX_PATH=/home/srooney/Documents/rbe500/ros_500/install/cmake_modules:/opt/ros/humble /usr/bin/cmake /home/srooney/Documents/rbe500/ros_500/src/robotis_manipulator -DAMENT_CMAKE_SYMLINK_INSTALL=1 -DCMAKE_INSTALL_PREFIX=/home/srooney/Documents/rbe500/ros_500/install/robotis_manipulator
[0.079s] -- The C compiler identification is GNU 11.4.0
[0.122s] -- The CXX compiler identification is GNU 11.4.0
[0.127s] -- Detecting C compiler ABI info
[0.180s] -- Detecting C compiler ABI info - done
[0.187s] -- Check for working C compiler: /usr/bin/cc - skipped
[0.187s] -- Detecting C compile features
[0.188s] -- Detecting C compile features - done
[0.190s] -- Detecting CXX compiler ABI info
[0.250s] -- Detecting CXX compiler ABI info - done
[0.256s] -- Check for working CXX compiler: /usr/bin/c++ - skipped
[0.257s] -- Detecting CXX compile features
[0.257s] -- Detecting CXX compile features - done
[0.263s] -- Found ament_cmake: 1.3.5 (/opt/ros/humble/share/ament_cmake/cmake)
[0.403s] -- Found Python3: /usr/bin/python3.10 (found version "3.10.12") found components: Interpreter 
[0.456s] -- Override CMake install command with custom implementation using symlinks instead of copying resources
[0.474s] -- Found cmake_modules: 0.4.1 (/home/srooney/Documents/rbe500/ros_500/install/cmake_modules/share/cmake_modules/cmake)
[0.475s] -- Found rclcpp: 16.0.6 (/opt/ros/humble/share/rclcpp/cmake)
[0.506s] -- Found rosidl_generator_c: 3.1.5 (/opt/ros/humble/share/rosidl_generator_c/cmake)
[0.509s] -- Found rosidl_adapter: 3.1.5 (/opt/ros/humble/share/rosidl_adapter/cmake)
[0.515s] -- Found rosidl_generator_cpp: 3.1.5 (/opt/ros/humble/share/rosidl_generator_cpp/cmake)
[0.526s] -- Using all available rosidl_typesupport_c: rosidl_typesupport_fastrtps_c;rosidl_typesupport_introspection_c
[0.542s] -- Using all available rosidl_typesupport_cpp: rosidl_typesupport_fastrtps_cpp;rosidl_typesupport_introspection_cpp
[0.611s] -- Found rmw_implementation_cmake: 6.1.1 (/opt/ros/humble/share/rmw_implementation_cmake/cmake)
[0.613s] -- Found rmw_fastrtps_cpp: 6.2.4 (/opt/ros/humble/share/rmw_fastrtps_cpp/cmake)
[0.708s] -- Found OpenSSL: /usr/lib/x86_64-linux-gnu/libcrypto.so (found version "3.0.2")  
[0.728s] -- Found FastRTPS: /opt/ros/humble/include  
[0.770s] -- Using RMW implementation 'rmw_fastrtps_cpp' as default
[0.783s] -- Looking for pthread.h
[0.878s] -- Looking for pthread.h - found
[0.878s] -- Performing Test CMAKE_HAVE_LIBC_PTHREAD
[0.984s] -- Performing Test CMAKE_HAVE_LIBC_PTHREAD - Success
[0.988s] -- Found Threads: TRUE  
[1.356s] -- Configuring done
[1.370s] -- Generating done
[1.373s] -- Build files have been written to: /home/srooney/Documents/rbe500/ros_500/build/robotis_manipulator
[1.389s] Invoked command in '/home/srooney/Documents/rbe500/ros_500/build/robotis_manipulator' returned '0': AMENT_PREFIX_PATH=/home/srooney/Documents/rbe500/ros_500/install/cmake_modules:${AMENT_PREFIX_PATH} CMAKE_PREFIX_PATH=/home/srooney/Documents/rbe500/ros_500/install/cmake_modules:/opt/ros/humble /usr/bin/cmake /home/srooney/Documents/rbe500/ros_500/src/robotis_manipulator -DAMENT_CMAKE_SYMLINK_INSTALL=1 -DCMAKE_INSTALL_PREFIX=/home/srooney/Documents/rbe500/ros_500/install/robotis_manipulator
[1.392s] Invoking command in '/home/srooney/Documents/rbe500/ros_500/build/robotis_manipulator': AMENT_PREFIX_PATH=/home/srooney/Documents/rbe500/ros_500/install/cmake_modules:${AMENT_PREFIX_PATH} CMAKE_PREFIX_PATH=/home/srooney/Documents/rbe500/ros_500/install/cmake_modules:/opt/ros/humble /usr/bin/cmake --build /home/srooney/Documents/rbe500/ros_500/build/robotis_manipulator -- -j16 -l16
[1.436s] [ 28%] [32mBuilding CXX object CMakeFiles/robotis_manipulator.dir/src/robotis_manipulator/robotis_manipulator_log.cpp.o[0m
[1.437s] [ 71%] [32mBuilding CXX object CMakeFiles/robotis_manipulator.dir/src/robotis_manipulator/robotis_manipulator_trajectory_generator.cpp.o[0m
[1.437s] [ 71%] [32mBuilding CXX object CMakeFiles/robotis_manipulator.dir/src/robotis_manipulator/robotis_manipulator_manager.cpp.o[0m
[1.437s] [ 71%] [32mBuilding CXX object CMakeFiles/robotis_manipulator.dir/src/robotis_manipulator/robotis_manipulator_common.cpp.o[0m
[1.437s] [ 71%] [32mBuilding CXX object CMakeFiles/robotis_manipulator.dir/src/robotis_manipulator/robotis_manipulator.cpp.o[0m
[1.437s] [ 85%] [32mBuilding CXX object CMakeFiles/robotis_manipulator.dir/src/robotis_manipulator/robotis_manipulator_math.cpp.o[0m
[8.834s] [100%] [32m[1mLinking CXX shared library librobotis_manipulator.so[0m
[9.150s] [100%] Built target robotis_manipulator
[9.166s] Invoked command in '/home/srooney/Documents/rbe500/ros_500/build/robotis_manipulator' returned '0': AMENT_PREFIX_PATH=/home/srooney/Documents/rbe500/ros_500/install/cmake_modules:${AMENT_PREFIX_PATH} CMAKE_PREFIX_PATH=/home/srooney/Documents/rbe500/ros_500/install/cmake_modules:/opt/ros/humble /usr/bin/cmake --build /home/srooney/Documents/rbe500/ros_500/build/robotis_manipulator -- -j16 -l16
[9.201s] Invoking command in '/home/srooney/Documents/rbe500/ros_500/build/robotis_manipulator': AMENT_PREFIX_PATH=/home/srooney/Documents/rbe500/ros_500/install/cmake_modules:${AMENT_PREFIX_PATH} CMAKE_PREFIX_PATH=/home/srooney/Documents/rbe500/ros_500/install/cmake_modules:/opt/ros/humble /usr/bin/cmake --install /home/srooney/Documents/rbe500/ros_500/build/robotis_manipulator
[9.209s] -- Install configuration: ""
[9.210s] -- Execute custom install script
[9.210s] -- Symlinking: /home/srooney/Documents/rbe500/ros_500/install/robotis_manipulator/lib/librobotis_manipulator.so
[9.216s] -- Symlinking: /home/srooney/Documents/rbe500/ros_500/install/robotis_manipulator/include//robotis_manipulator/robotis_manipulator.h
[9.227s] -- Symlinking: /home/srooney/Documents/rbe500/ros_500/install/robotis_manipulator/include//robotis_manipulator/robotis_manipulator_common.h
[9.232s] -- Symlinking: /home/srooney/Documents/rbe500/ros_500/install/robotis_manipulator/include//robotis_manipulator/robotis_manipulator_log.h
[9.237s] -- Symlinking: /home/srooney/Documents/rbe500/ros_500/install/robotis_manipulator/include//robotis_manipulator/robotis_manipulator_manager.h
[9.243s] -- Symlinking: /home/srooney/Documents/rbe500/ros_500/install/robotis_manipulator/include//robotis_manipulator/robotis_manipulator_math.h
[9.250s] -- Symlinking: /home/srooney/Documents/rbe500/ros_500/install/robotis_manipulator/include//robotis_manipulator/robotis_manipulator_trajectory_generator.h
[9.257s] -- Symlinking: /home/srooney/Documents/rbe500/ros_500/install/robotis_manipulator/share/robotis_manipulator/environment/library_path.sh
[9.264s] -- Symlinking: /home/srooney/Documents/rbe500/ros_500/install/robotis_manipulator/share/robotis_manipulator/environment/library_path.dsv
[9.271s] -- Symlinking: /home/srooney/Documents/rbe500/ros_500/install/robotis_manipulator/share/ament_index/resource_index/package_run_dependencies/robotis_manipulator
[9.278s] -- Symlinking: /home/srooney/Documents/rbe500/ros_500/install/robotis_manipulator/share/ament_index/resource_index/parent_prefix_path/robotis_manipulator
[9.284s] -- Symlinking: /home/srooney/Documents/rbe500/ros_500/install/robotis_manipulator/share/robotis_manipulator/environment/ament_prefix_path.sh
[9.290s] -- Symlinking: /home/srooney/Documents/rbe500/ros_500/install/robotis_manipulator/share/robotis_manipulator/environment/ament_prefix_path.dsv
[9.296s] -- Symlinking: /home/srooney/Documents/rbe500/ros_500/install/robotis_manipulator/share/robotis_manipulator/environment/path.sh
[9.302s] -- Symlinking: /home/srooney/Documents/rbe500/ros_500/install/robotis_manipulator/share/robotis_manipulator/environment/path.dsv
[9.309s] -- Symlinking: /home/srooney/Documents/rbe500/ros_500/install/robotis_manipulator/share/robotis_manipulator/local_setup.bash
[9.316s] -- Symlinking: /home/srooney/Documents/rbe500/ros_500/install/robotis_manipulator/share/robotis_manipulator/local_setup.sh
[9.321s] -- Symlinking: /home/srooney/Documents/rbe500/ros_500/install/robotis_manipulator/share/robotis_manipulator/local_setup.zsh
[9.328s] -- Symlinking: /home/srooney/Documents/rbe500/ros_500/install/robotis_manipulator/share/robotis_manipulator/local_setup.dsv
[9.335s] -- Symlinking: /home/srooney/Documents/rbe500/ros_500/install/robotis_manipulator/share/robotis_manipulator/package.dsv
[9.341s] -- Symlinking: /home/srooney/Documents/rbe500/ros_500/install/robotis_manipulator/share/ament_index/resource_index/packages/robotis_manipulator
[9.347s] -- Symlinking: /home/srooney/Documents/rbe500/ros_500/install/robotis_manipulator/share/robotis_manipulator/cmake/ament_cmake_export_include_directories-extras.cmake
[9.353s] -- Symlinking: /home/srooney/Documents/rbe500/ros_500/install/robotis_manipulator/share/robotis_manipulator/cmake/ament_cmake_export_dependencies-extras.cmake
[9.358s] -- Symlinking: /home/srooney/Documents/rbe500/ros_500/install/robotis_manipulator/share/robotis_manipulator/cmake/ament_cmake_export_libraries-extras.cmake
[9.364s] -- Symlinking: /home/srooney/Documents/rbe500/ros_500/install/robotis_manipulator/share/robotis_manipulator/cmake/robotis_manipulatorConfig.cmake
[9.370s] -- Symlinking: /home/srooney/Documents/rbe500/ros_500/install/robotis_manipulator/share/robotis_manipulator/cmake/robotis_manipulatorConfig-version.cmake
[9.376s] -- Symlinking: /home/srooney/Documents/rbe500/ros_500/install/robotis_manipulator/share/robotis_manipulator/package.xml
[9.385s] Invoked command in '/home/srooney/Documents/rbe500/ros_500/build/robotis_manipulator' returned '0': AMENT_PREFIX_PATH=/home/srooney/Documents/rbe500/ros_500/install/cmake_modules:${AMENT_PREFIX_PATH} CMAKE_PREFIX_PATH=/home/srooney/Documents/rbe500/ros_500/install/cmake_modules:/opt/ros/humble /usr/bin/cmake --install /home/srooney/Documents/rbe500/ros_500/build/robotis_manipulator
