[0.166s] Invoking command in '/home/srooney/Documents/rbe500/ros_500/build/dynamixel_sdk_examples': AMENT_PREFIX_PATH=/home/srooney/Documents/rbe500/ros_500/install/dynamixel_sdk_custom_interfaces:/home/srooney/Documents/rbe500/ros_500/install/dynamixel_sdk:${AMENT_PREFIX_PATH} CMAKE_PREFIX_PATH=/home/srooney/Documents/rbe500/ros_500/install/dynamixel_sdk_custom_interfaces:/home/srooney/Documents/rbe500/ros_500/install/dynamixel_sdk:/opt/ros/humble LD_LIBRARY_PATH=/home/srooney/Documents/rbe500/ros_500/install/dynamixel_sdk_custom_interfaces/lib:/home/srooney/Documents/rbe500/ros_500/install/dynamixel_sdk/lib:${LD_LIBRARY_PATH} PYTHONPATH=/home/srooney/Documents/rbe500/ros_500/install/dynamixel_sdk_custom_interfaces/local/lib/python3.10/dist-packages:${PYTHONPATH} /usr/bin/cmake --build /home/srooney/Documents/rbe500/ros_500/build/dynamixel_sdk_examples -- -j16 -l16
[0.193s] [35m[1mConsolidate compiler generated dependencies of target read_write_node[0m
[0.207s] [100%] Built target read_write_node
[0.318s] Invoked command in '/home/srooney/Documents/rbe500/ros_500/build/dynamixel_sdk_examples' returned '0': AMENT_PREFIX_PATH=/home/srooney/Documents/rbe500/ros_500/install/dynamixel_sdk_custom_interfaces:/home/srooney/Documents/rbe500/ros_500/install/dynamixel_sdk:${AMENT_PREFIX_PATH} CMAKE_PREFIX_PATH=/home/srooney/Documents/rbe500/ros_500/install/dynamixel_sdk_custom_interfaces:/home/srooney/Documents/rbe500/ros_500/install/dynamixel_sdk:/opt/ros/humble LD_LIBRARY_PATH=/home/srooney/Documents/rbe500/ros_500/install/dynamixel_sdk_custom_interfaces/lib:/home/srooney/Documents/rbe500/ros_500/install/dynamixel_sdk/lib:${LD_LIBRARY_PATH} PYTHONPATH=/home/srooney/Documents/rbe500/ros_500/install/dynamixel_sdk_custom_interfaces/local/lib/python3.10/dist-packages:${PYTHONPATH} /usr/bin/cmake --build /home/srooney/Documents/rbe500/ros_500/build/dynamixel_sdk_examples -- -j16 -l16
[0.334s] Invoking command in '/home/srooney/Documents/rbe500/ros_500/build/dynamixel_sdk_examples': AMENT_PREFIX_PATH=/home/srooney/Documents/rbe500/ros_500/install/dynamixel_sdk_custom_interfaces:/home/srooney/Documents/rbe500/ros_500/install/dynamixel_sdk:${AMENT_PREFIX_PATH} CMAKE_PREFIX_PATH=/home/srooney/Documents/rbe500/ros_500/install/dynamixel_sdk_custom_interfaces:/home/srooney/Documents/rbe500/ros_500/install/dynamixel_sdk:/opt/ros/humble LD_LIBRARY_PATH=/home/srooney/Documents/rbe500/ros_500/install/dynamixel_sdk_custom_interfaces/lib:/home/srooney/Documents/rbe500/ros_500/install/dynamixel_sdk/lib:${LD_LIBRARY_PATH} PYTHONPATH=/home/srooney/Documents/rbe500/ros_500/install/dynamixel_sdk_custom_interfaces/local/lib/python3.10/dist-packages:${PYTHONPATH} /usr/bin/cmake --install /home/srooney/Documents/rbe500/ros_500/build/dynamixel_sdk_examples
[0.338s] -- Install configuration: ""
[0.339s] -- Execute custom install script
[0.339s] -- Up-to-date symlink: /home/srooney/Documents/rbe500/ros_500/install/dynamixel_sdk_examples/lib/dynamixel_sdk_examples/read_write_node
[0.339s] -- Up-to-date symlink: /home/srooney/Documents/rbe500/ros_500/install/dynamixel_sdk_examples/share/ament_index/resource_index/package_run_dependencies/dynamixel_sdk_examples
[0.339s] -- Up-to-date symlink: /home/srooney/Documents/rbe500/ros_500/install/dynamixel_sdk_examples/share/ament_index/resource_index/parent_prefix_path/dynamixel_sdk_examples
[0.339s] -- Up-to-date symlink: /home/srooney/Documents/rbe500/ros_500/install/dynamixel_sdk_examples/share/dynamixel_sdk_examples/environment/ament_prefix_path.sh
[0.339s] -- Up-to-date symlink: /home/srooney/Documents/rbe500/ros_500/install/dynamixel_sdk_examples/share/dynamixel_sdk_examples/environment/ament_prefix_path.dsv
[0.340s] -- Up-to-date symlink: /home/srooney/Documents/rbe500/ros_500/install/dynamixel_sdk_examples/share/dynamixel_sdk_examples/environment/path.sh
[0.340s] -- Up-to-date symlink: /home/srooney/Documents/rbe500/ros_500/install/dynamixel_sdk_examples/share/dynamixel_sdk_examples/environment/path.dsv
[0.340s] -- Up-to-date symlink: /home/srooney/Documents/rbe500/ros_500/install/dynamixel_sdk_examples/share/dynamixel_sdk_examples/local_setup.bash
[0.340s] -- Up-to-date symlink: /home/srooney/Documents/rbe500/ros_500/install/dynamixel_sdk_examples/share/dynamixel_sdk_examples/local_setup.sh
[0.340s] -- Up-to-date symlink: /home/srooney/Documents/rbe500/ros_500/install/dynamixel_sdk_examples/share/dynamixel_sdk_examples/local_setup.zsh
[0.340s] -- Up-to-date symlink: /home/srooney/Documents/rbe500/ros_500/install/dynamixel_sdk_examples/share/dynamixel_sdk_examples/local_setup.dsv
[0.340s] -- Symlinking: /home/srooney/Documents/rbe500/ros_500/install/dynamixel_sdk_examples/share/dynamixel_sdk_examples/package.dsv
[0.346s] -- Up-to-date symlink: /home/srooney/Documents/rbe500/ros_500/install/dynamixel_sdk_examples/share/ament_index/resource_index/packages/dynamixel_sdk_examples
[0.346s] -- Up-to-date symlink: /home/srooney/Documents/rbe500/ros_500/install/dynamixel_sdk_examples/share/dynamixel_sdk_examples/cmake/dynamixel_sdk_examplesConfig.cmake
[0.347s] -- Up-to-date symlink: /home/srooney/Documents/rbe500/ros_500/install/dynamixel_sdk_examples/share/dynamixel_sdk_examples/cmake/dynamixel_sdk_examplesConfig-version.cmake
[0.347s] -- Up-to-date symlink: /home/srooney/Documents/rbe500/ros_500/install/dynamixel_sdk_examples/share/dynamixel_sdk_examples/package.xml
[0.383s] Invoked command in '/home/srooney/Documents/rbe500/ros_500/build/dynamixel_sdk_examples' returned '0': AMENT_PREFIX_PATH=/home/srooney/Documents/rbe500/ros_500/install/dynamixel_sdk_custom_interfaces:/home/srooney/Documents/rbe500/ros_500/install/dynamixel_sdk:${AMENT_PREFIX_PATH} CMAKE_PREFIX_PATH=/home/srooney/Documents/rbe500/ros_500/install/dynamixel_sdk_custom_interfaces:/home/srooney/Documents/rbe500/ros_500/install/dynamixel_sdk:/opt/ros/humble LD_LIBRARY_PATH=/home/srooney/Documents/rbe500/ros_500/install/dynamixel_sdk_custom_interfaces/lib:/home/srooney/Documents/rbe500/ros_500/install/dynamixel_sdk/lib:${LD_LIBRARY_PATH} PYTHONPATH=/home/srooney/Documents/rbe500/ros_500/install/dynamixel_sdk_custom_interfaces/local/lib/python3.10/dist-packages:${PYTHONPATH} /usr/bin/cmake --install /home/srooney/Documents/rbe500/ros_500/build/dynamixel_sdk_examples
